2020-03-20 22:20:43.910 ---  *** Starting program metgrid.exe ***
2020-03-20 22:20:43.910 --- Using the following namelist variables:
2020-03-20 22:20:43.911 --- &SHARE
2020-03-20 22:20:43.911 ---   WRF_CORE         = ARW
2020-03-20 22:20:43.911 ---   MAX_DOM          = 1
2020-03-20 22:20:43.911 ---   START_YEAR       = 0
2020-03-20 22:20:43.911 ---   START_MONTH      = 0
2020-03-20 22:20:43.911 ---   START_DAY        = 0
2020-03-20 22:20:43.911 ---   START_HOUR       = 0
2020-03-20 22:20:43.911 ---   START_MINUTE     = 0
2020-03-20 22:20:43.911 ---   START_SECOND     = 0
2020-03-20 22:20:43.911 ---   END_YEAR         = 0
2020-03-20 22:20:43.911 ---   END_MONTH        = 0
2020-03-20 22:20:43.911 ---   END_DAY          = 0
2020-03-20 22:20:43.911 ---   END_HOUR         = 0
2020-03-20 22:20:43.911 ---   END_MINUTE       = 0
2020-03-20 22:20:43.911 ---   END_SECOND       = 0
2020-03-20 22:20:43.911 ---   START_DATE       = 2020-01-01_00:00:00
2020-03-20 22:20:43.911 ---   END_DATE         = 2020-01-01_06:00:00
2020-03-20 22:20:43.911 ---   INTERVAL_SECONDS = 21600
2020-03-20 22:20:43.911 ---   IO_FORM_GEOGRID  = 2
2020-03-20 22:20:43.911 ---   OPT_OUTPUT_FROM_GEOGRID_PATH = ./
2020-03-20 22:20:43.911 ---   SUBGRID_RATIO_X  = 1
2020-03-20 22:20:43.911 ---   SUBGRID_RATIO_Y  = 1
2020-03-20 22:20:43.911 ---   DEBUG_LEVEL      = 0
2020-03-20 22:20:43.911 ---   ACTIVE_GRID      = .TRUE.
2020-03-20 22:20:43.911 ---   NOCOLONS         = .FALSE.
2020-03-20 22:20:43.911 --- /
2020-03-20 22:20:43.911 --- &METGRID
2020-03-20 22:20:43.911 ---   FG_NAME               = FILE
2020-03-20 22:20:43.911 ---   CONSTANTS_NAME        =
2020-03-20 22:20:43.911 ---   IO_FORM_METGRID       = 2
2020-03-20 22:20:43.911 ---   PROCESS_ONLY_BDY      = 0
2020-03-20 22:20:43.911 ---   OPT_OUTPUT_FROM_METGRID_PATH = ./
2020-03-20 22:20:43.911 ---   OPT_METGRID_TBL_PATH  = metgrid/
2020-03-20 22:20:43.911 --- /
2020-03-20 22:20:43.927 --- WARNING: In METGRID.TBL, unrecognized option mpas_name in entry 10.
2020-03-20 22:20:43.927 --- WARNING: In METGRID.TBL, unrecognized option mpas_name in entry 10.
2020-03-20 22:20:43.929 --- WARNING: In METGRID.TBL, unrecognized option mpas_name in entry 10.
2020-03-20 22:20:43.929 --- WARNING: In METGRID.TBL, unrecognized option mpas_name in entry 10.
2020-03-20 22:20:43.929 --- WARNING: In METGRID.TBL, unrecognized option mpas_name in entry 10.
2020-03-20 22:20:43.930 --- WARNING: In METGRID.TBL, unrecognized option mpas_name in entry 10.
2020-03-20 22:20:43.930 --- WARNING: In METGRID.TBL, unrecognized option mpas_name in entry 10.
2020-03-20 22:20:43.930 --- WARNING: In METGRID.TBL, unrecognized option mpas_name in entry 10.
2020-03-20 22:20:43.930 --- WARNING: In METGRID.TBL, unrecognized option mpas_name in entry 10.
2020-03-20 22:20:43.930 --- WARNING: In METGRID.TBL, unrecognized option mpas_name in entry 10.
2020-03-20 22:20:43.930 --- WARNING: In METGRID.TBL, unrecognized option mpas_name in entry 10.
2020-03-20 22:20:43.931 --- WARNING: In METGRID.TBL, unrecognized option mpas_name in entry 10.
2020-03-20 22:20:43.931 --- WARNING: In METGRID.TBL, unrecognized option mpas_name in entry 10.
2020-03-20 22:20:43.931 --- WARNING: In METGRID.TBL, unrecognized option mpas_name in entry 10.
2020-03-20 22:20:43.931 --- WARNING: In METGRID.TBL, unrecognized option mpas_name in entry 10.
2020-03-20 22:20:43.931 --- WARNING: In METGRID.TBL, unrecognized option mpas_name in entry 10.
2020-03-20 22:20:43.932 --- WARNING: In METGRID.TBL, unrecognized option mpas_name in entry 10.
2020-03-20 22:20:43.932 --- WARNING: In METGRID.TBL, unrecognized option mpas_name in entry 10.
2020-03-20 22:20:43.933 --- Processing domain 1 of 1
2020-03-20 22:20:43.933 --- Initializing storage module
2020-03-20 22:20:43.933 --- Opening static input file.
2020-03-20 22:20:43.936 --- Reading static global attributes.
2020-03-20 22:20:43.937 --- Read in static field XLAT_M.
2020-03-20 22:20:43.938 --- Read in static field XLONG_M.
2020-03-20 22:20:43.939 --- Read in static field XLAT_V.
2020-03-20 22:20:43.939 --- Read in static field XLONG_V.
2020-03-20 22:20:43.940 --- Read in static field XLAT_U.
2020-03-20 22:20:43.940 --- Read in static field XLONG_U.
2020-03-20 22:20:43.941 --- Read in static field CLAT.
2020-03-20 22:20:43.941 --- Read in static field CLONG.
2020-03-20 22:20:43.942 --- Read in static field MAPFAC_M.
2020-03-20 22:20:43.942 --- Read in static field MAPFAC_V.
2020-03-20 22:20:43.943 --- Read in static field MAPFAC_U.
2020-03-20 22:20:43.943 --- Read in static field MAPFAC_MX.
2020-03-20 22:20:43.944 --- Read in static field MAPFAC_VX.
2020-03-20 22:20:43.944 --- Read in static field MAPFAC_UX.
2020-03-20 22:20:43.945 --- Read in static field MAPFAC_MY.
2020-03-20 22:20:43.945 --- Read in static field MAPFAC_VY.
2020-03-20 22:20:43.946 --- Read in static field MAPFAC_UY.
2020-03-20 22:20:43.946 --- Read in static field E.
2020-03-20 22:20:43.947 --- Read in static field F.
2020-03-20 22:20:43.947 --- Read in static field SINALPHA.
2020-03-20 22:20:43.948 --- Read in static field COSALPHA.
2020-03-20 22:20:43.948 --- Read in static field LANDMASK.
2020-03-20 22:20:43.954 --- Read in static field LANDUSEF.
2020-03-20 22:20:43.959 --- Read in static field LU_INDEX.
2020-03-20 22:20:43.960 --- Read in static field HGT_M.
2020-03-20 22:20:43.960 --- Read in static field SOILTEMP.
2020-03-20 22:20:43.964 --- Read in static field SOILCTOP.
2020-03-20 22:20:43.967 --- Read in static field SCT_DOM.
2020-03-20 22:20:43.970 --- Read in static field SOILCBOT.
2020-03-20 22:20:43.973 --- Read in static field SCB_DOM.
2020-03-20 22:20:43.975 --- Read in static field ALBEDO12M.
2020-03-20 22:20:43.980 --- Read in static field GREENFRAC.
2020-03-20 22:20:43.984 --- Read in static field LAI12M.
2020-03-20 22:20:43.986 --- Read in static field SNOALB.
2020-03-20 22:20:43.986 --- Read in static field SLOPECAT.
2020-03-20 22:20:43.987 --- Read in static field CON.
2020-03-20 22:20:43.987 --- Read in static field VAR.
2020-03-20 22:20:43.988 --- Read in static field OA1.
2020-03-20 22:20:43.988 --- Read in static field OA2.
2020-03-20 22:20:43.988 --- Read in static field OA3.
2020-03-20 22:20:43.989 --- Read in static field OA4.
2020-03-20 22:20:43.989 --- Read in static field OL1.
2020-03-20 22:20:43.990 --- Read in static field OL2.
2020-03-20 22:20:43.990 --- Read in static field OL3.
2020-03-20 22:20:43.990 --- Read in static field OL4.
2020-03-20 22:20:43.991 --- Read in static field VAR_SSO.
2020-03-20 22:20:43.991 --- Read in static field LAKE_DEPTH.
2020-03-20 22:20:44.014 --- Read in static field URB_PARAM.
2020-03-20 22:20:44.035 --- Preparing to process output time 2020-01-01_00
2020-03-20 22:20:44.035 --- Getting input fields from FILE
2020-03-20 22:20:44.080 --- Processing PMSL at level 201300.000000.
2020-03-20 22:20:44.083 --- Processing TT at level 200100.000000.
2020-03-20 22:20:44.085 --- Processing UU at level 200100.000000.
2020-03-20 22:20:44.088 --- Processing VV at level 200100.000000.
2020-03-20 22:20:44.091 --- Processing RH at level 200100.000000.
2020-03-20 22:20:44.094 --- Processing PSFC at level 200100.000000.
2020-03-20 22:20:44.096 --- Processing SM000010 at level 200100.000000.
2020-03-20 22:20:44.099 --- Processing SM010040 at level 200100.000000.
2020-03-20 22:20:44.102 --- Processing SM040100 at level 200100.000000.
2020-03-20 22:20:44.106 --- Processing SM100200 at level 200100.000000.
2020-03-20 22:20:44.109 --- Processing ST000010 at level 200100.000000.
2020-03-20 22:20:44.112 --- Processing ST010040 at level 200100.000000.
2020-03-20 22:20:44.115 --- Processing ST040100 at level 200100.000000.
2020-03-20 22:20:44.118 --- Processing ST100200 at level 200100.000000.
2020-03-20 22:20:44.121 --- Processing SEAICE at level 200100.000000.
2020-03-20 22:20:44.122 --- Processing LANDSEA at level 200100.000000.
2020-03-20 22:20:44.124 --- Processing SOILHGT at level 200100.000000.
2020-03-20 22:20:44.126 --- Processing SKINTEMP at level 200100.000000.
2020-03-20 22:20:44.129 --- Processing SNOW at level 200100.000000.
2020-03-20 22:20:44.131 --- Processing SNOWH at level 200100.000000.
2020-03-20 22:20:44.133 --- Processing UMAXW at level 200100.000000.
2020-03-20 22:20:44.135 --- Processing VMAXW at level 200100.000000.
2020-03-20 22:20:44.137 --- Processing PMAXW at level 200100.000000.
2020-03-20 22:20:44.139 --- Processing PMAXWNN at level 200100.000000.
2020-03-20 22:20:44.140 --- Processing TMAXW at level 200100.000000.
2020-03-20 22:20:44.142 --- Processing HGTMAXW at level 200100.000000.
2020-03-20 22:20:44.144 --- Processing UTROP at level 200100.000000.
2020-03-20 22:20:44.146 --- Processing VTROP at level 200100.000000.
2020-03-20 22:20:44.148 --- Processing PTROP at level 200100.000000.
2020-03-20 22:20:44.150 --- Processing PTROPNN at level 200100.000000.
2020-03-20 22:20:44.151 --- Processing TTROP at level 200100.000000.
2020-03-20 22:20:44.153 --- Processing HGTTROP at level 200100.000000.
2020-03-20 22:20:44.155 --- Processing TT at level 100000.000000.
2020-03-20 22:20:44.158 --- Processing UU at level 100000.000000.
2020-03-20 22:20:44.160 --- Processing VV at level 100000.000000.
2020-03-20 22:20:44.163 --- Processing RH at level 100000.000000.
2020-03-20 22:20:44.166 --- Processing GHT at level 100000.000000.
2020-03-20 22:20:44.168 --- Processing TT at level 97500.000000.
2020-03-20 22:20:44.171 --- Processing UU at level 97500.000000.
2020-03-20 22:20:44.174 --- Processing VV at level 97500.000000.
2020-03-20 22:20:44.176 --- Processing RH at level 97500.000000.
2020-03-20 22:20:44.179 --- Processing GHT at level 97500.000000.
2020-03-20 22:20:44.182 --- Processing TT at level 95000.000000.
2020-03-20 22:20:44.184 --- Processing UU at level 95000.000000.
2020-03-20 22:20:44.187 --- Processing VV at level 95000.000000.
2020-03-20 22:20:44.189 --- Processing RH at level 95000.000000.
2020-03-20 22:20:44.192 --- Processing GHT at level 95000.000000.
2020-03-20 22:20:44.195 --- Processing TT at level 92500.000000.
2020-03-20 22:20:44.197 --- Processing UU at level 92500.000000.
2020-03-20 22:20:44.200 --- Processing VV at level 92500.000000.
2020-03-20 22:20:44.202 --- Processing RH at level 92500.000000.
2020-03-20 22:20:44.205 --- Processing GHT at level 92500.000000.
2020-03-20 22:20:44.208 --- Processing TT at level 90000.000000.
2020-03-20 22:20:44.210 --- Processing UU at level 90000.000000.
2020-03-20 22:20:44.213 --- Processing VV at level 90000.000000.
2020-03-20 22:20:44.215 --- Processing RH at level 90000.000000.
2020-03-20 22:20:44.218 --- Processing GHT at level 90000.000000.
2020-03-20 22:20:44.221 --- Processing TT at level 85000.000000.
2020-03-20 22:20:44.223 --- Processing UU at level 85000.000000.
2020-03-20 22:20:44.226 --- Processing VV at level 85000.000000.
2020-03-20 22:20:44.228 --- Processing RH at level 85000.000000.
2020-03-20 22:20:44.231 --- Processing GHT at level 85000.000000.
2020-03-20 22:20:44.233 --- Processing TT at level 80000.000000.
2020-03-20 22:20:44.236 --- Processing UU at level 80000.000000.
2020-03-20 22:20:44.238 --- Processing VV at level 80000.000000.
2020-03-20 22:20:44.241 --- Processing RH at level 80000.000000.
2020-03-20 22:20:44.243 --- Processing GHT at level 80000.000000.
2020-03-20 22:20:44.246 --- Processing TT at level 75000.000000.
2020-03-20 22:20:44.249 --- Processing UU at level 75000.000000.
2020-03-20 22:20:44.251 --- Processing VV at level 75000.000000.
2020-03-20 22:20:44.254 --- Processing RH at level 75000.000000.
2020-03-20 22:20:44.256 --- Processing GHT at level 75000.000000.
2020-03-20 22:20:44.259 --- Processing TT at level 70000.000000.
2020-03-20 22:20:44.261 --- Processing UU at level 70000.000000.
2020-03-20 22:20:44.264 --- Processing VV at level 70000.000000.
2020-03-20 22:20:44.266 --- Processing RH at level 70000.000000.
2020-03-20 22:20:44.269 --- Processing GHT at level 70000.000000.
2020-03-20 22:20:44.272 --- Processing TT at level 65000.000000.
2020-03-20 22:20:44.274 --- Processing UU at level 65000.000000.
2020-03-20 22:20:44.277 --- Processing VV at level 65000.000000.
2020-03-20 22:20:44.279 --- Processing RH at level 65000.000000.
2020-03-20 22:20:44.281 --- Processing GHT at level 65000.000000.
2020-03-20 22:20:44.284 --- Processing TT at level 60000.000000.
2020-03-20 22:20:44.286 --- Processing UU at level 60000.000000.
2020-03-20 22:20:44.289 --- Processing VV at level 60000.000000.
2020-03-20 22:20:44.291 --- Processing RH at level 60000.000000.
2020-03-20 22:20:44.294 --- Processing GHT at level 60000.000000.
2020-03-20 22:20:44.296 --- Processing TT at level 55000.000000.
2020-03-20 22:20:44.299 --- Processing UU at level 55000.000000.
2020-03-20 22:20:44.301 --- Processing VV at level 55000.000000.
2020-03-20 22:20:44.304 --- Processing RH at level 55000.000000.
2020-03-20 22:20:44.306 --- Processing GHT at level 55000.000000.
2020-03-20 22:20:44.309 --- Processing TT at level 50000.000000.
2020-03-20 22:20:44.311 --- Processing UU at level 50000.000000.
2020-03-20 22:20:44.314 --- Processing VV at level 50000.000000.
2020-03-20 22:20:44.316 --- Processing RH at level 50000.000000.
2020-03-20 22:20:44.319 --- Processing GHT at level 50000.000000.
2020-03-20 22:20:44.321 --- Processing TT at level 45000.000000.
2020-03-20 22:20:44.324 --- Processing UU at level 45000.000000.
2020-03-20 22:20:44.327 --- Processing VV at level 45000.000000.
2020-03-20 22:20:44.329 --- Processing RH at level 45000.000000.
2020-03-20 22:20:44.332 --- Processing GHT at level 45000.000000.
2020-03-20 22:20:44.334 --- Processing TT at level 40000.000000.
2020-03-20 22:20:44.337 --- Processing UU at level 40000.000000.
2020-03-20 22:20:44.340 --- Processing VV at level 40000.000000.
2020-03-20 22:20:44.342 --- Processing RH at level 40000.000000.
2020-03-20 22:20:44.345 --- Processing GHT at level 40000.000000.
2020-03-20 22:20:44.348 --- Processing TT at level 35000.000000.
2020-03-20 22:20:44.350 --- Processing UU at level 35000.000000.
2020-03-20 22:20:44.353 --- Processing VV at level 35000.000000.
2020-03-20 22:20:44.356 --- Processing RH at level 35000.000000.
2020-03-20 22:20:44.358 --- Processing GHT at level 35000.000000.
2020-03-20 22:20:44.361 --- Processing TT at level 30000.000000.
2020-03-20 22:20:44.363 --- Processing UU at level 30000.000000.
2020-03-20 22:20:44.366 --- Processing VV at level 30000.000000.
2020-03-20 22:20:44.368 --- Processing RH at level 30000.000000.
2020-03-20 22:20:44.371 --- Processing GHT at level 30000.000000.
2020-03-20 22:20:44.373 --- Processing TT at level 25000.000000.
2020-03-20 22:20:44.376 --- Processing UU at level 25000.000000.
2020-03-20 22:20:44.378 --- Processing VV at level 25000.000000.
2020-03-20 22:20:44.380 --- Processing RH at level 25000.000000.
2020-03-20 22:20:44.383 --- Processing GHT at level 25000.000000.
2020-03-20 22:20:44.385 --- Processing TT at level 20000.000000.
2020-03-20 22:20:44.388 --- Processing UU at level 20000.000000.
2020-03-20 22:20:44.390 --- Processing VV at level 20000.000000.
2020-03-20 22:20:44.393 --- Processing RH at level 20000.000000.
2020-03-20 22:20:44.395 --- Processing GHT at level 20000.000000.
2020-03-20 22:20:44.398 --- Processing TT at level 15000.000000.
2020-03-20 22:20:44.400 --- Processing UU at level 15000.000000.
2020-03-20 22:20:44.403 --- Processing VV at level 15000.000000.
2020-03-20 22:20:44.406 --- Processing RH at level 15000.000000.
2020-03-20 22:20:44.408 --- Processing GHT at level 15000.000000.
2020-03-20 22:20:44.411 --- Processing TT at level 10000.000000.
2020-03-20 22:20:44.413 --- Processing UU at level 10000.000000.
2020-03-20 22:20:44.416 --- Processing VV at level 10000.000000.
2020-03-20 22:20:44.418 --- Processing RH at level 10000.000000.
2020-03-20 22:20:44.421 --- Processing GHT at level 10000.000000.
2020-03-20 22:20:44.424 --- Processing TT at level 7000.000000.
2020-03-20 22:20:44.426 --- Processing UU at level 7000.000000.
2020-03-20 22:20:44.429 --- Processing VV at level 7000.000000.
2020-03-20 22:20:44.431 --- Processing RH at level 7000.000000.
2020-03-20 22:20:44.434 --- Processing GHT at level 7000.000000.
2020-03-20 22:20:44.437 --- Processing TT at level 5000.000000.
2020-03-20 22:20:44.439 --- Processing UU at level 5000.000000.
2020-03-20 22:20:44.442 --- Processing VV at level 5000.000000.
2020-03-20 22:20:44.444 --- Processing RH at level 5000.000000.
2020-03-20 22:20:44.447 --- Processing GHT at level 5000.000000.
2020-03-20 22:20:44.450 --- Processing TT at level 3000.000000.
2020-03-20 22:20:44.452 --- Processing UU at level 3000.000000.
2020-03-20 22:20:44.455 --- Processing VV at level 3000.000000.
2020-03-20 22:20:44.457 --- Processing RH at level 3000.000000.
2020-03-20 22:20:44.460 --- Processing GHT at level 3000.000000.
2020-03-20 22:20:44.462 --- Processing TT at level 2000.000000.
2020-03-20 22:20:44.465 --- Processing UU at level 2000.000000.
2020-03-20 22:20:44.467 --- Processing VV at level 2000.000000.
2020-03-20 22:20:44.470 --- Processing RH at level 2000.000000.
2020-03-20 22:20:44.472 --- Processing GHT at level 2000.000000.
2020-03-20 22:20:44.475 --- Processing TT at level 1000.000000.
2020-03-20 22:20:44.477 --- Processing UU at level 1000.000000.
2020-03-20 22:20:44.480 --- Processing VV at level 1000.000000.
2020-03-20 22:20:44.482 --- Processing RH at level 1000.000000.
2020-03-20 22:20:44.485 --- Processing GHT at level 1000.000000.
2020-03-20 22:20:44.487 --- Processing TT at level 700.000000.
2020-03-20 22:20:44.490 --- Processing UU at level 700.000000.
2020-03-20 22:20:44.492 --- Processing VV at level 700.000000.
2020-03-20 22:20:44.495 --- Processing RH at level 700.000000.
2020-03-20 22:20:44.497 --- Processing GHT at level 700.000000.
2020-03-20 22:20:44.500 --- Processing TT at level 500.000000.
2020-03-20 22:20:44.502 --- Processing UU at level 500.000000.
2020-03-20 22:20:44.505 --- Processing VV at level 500.000000.
2020-03-20 22:20:44.507 --- Processing RH at level 500.000000.
2020-03-20 22:20:44.510 --- Processing GHT at level 500.000000.
2020-03-20 22:20:44.512 --- Processing TT at level 300.000000.
2020-03-20 22:20:44.515 --- Processing UU at level 300.000000.
2020-03-20 22:20:44.517 --- Processing VV at level 300.000000.
2020-03-20 22:20:44.520 --- Processing RH at level 300.000000.
2020-03-20 22:20:44.522 --- Processing GHT at level 300.000000.
2020-03-20 22:20:44.525 --- Processing TT at level 200.000000.
2020-03-20 22:20:44.527 --- Processing UU at level 200.000000.
2020-03-20 22:20:44.530 --- Processing VV at level 200.000000.
2020-03-20 22:20:44.532 --- Processing RH at level 200.000000.
2020-03-20 22:20:44.535 --- Processing GHT at level 200.000000.
2020-03-20 22:20:44.538 --- Processing TT at level 100.000000.
2020-03-20 22:20:44.540 --- Processing UU at level 100.000000.
2020-03-20 22:20:44.543 --- Processing VV at level 100.000000.
2020-03-20 22:20:44.545 --- Processing RH at level 100.000000.
2020-03-20 22:20:44.548 --- Processing GHT at level 100.000000.
2020-03-20 22:20:44.550 --- Rotating earth winds to grid winds
2020-03-20 22:20:44.551 --- Rotating earth winds to grid winds
2020-03-20 22:20:44.552 --- Rotating earth winds to grid winds
2020-03-20 22:20:44.553 --- Rotating earth winds to grid winds
2020-03-20 22:20:44.555 --- Rotating earth winds to grid winds
2020-03-20 22:20:44.556 --- Rotating earth winds to grid winds
2020-03-20 22:20:44.557 --- Rotating earth winds to grid winds
2020-03-20 22:20:44.558 --- Rotating earth winds to grid winds
2020-03-20 22:20:44.559 --- Rotating earth winds to grid winds
2020-03-20 22:20:44.560 --- Rotating earth winds to grid winds
2020-03-20 22:20:44.561 --- Rotating earth winds to grid winds
2020-03-20 22:20:44.562 --- Rotating earth winds to grid winds
2020-03-20 22:20:44.563 --- Rotating earth winds to grid winds
2020-03-20 22:20:44.564 --- Rotating earth winds to grid winds
2020-03-20 22:20:44.565 --- Rotating earth winds to grid winds
2020-03-20 22:20:44.566 --- Rotating earth winds to grid winds
2020-03-20 22:20:44.567 --- Rotating earth winds to grid winds
2020-03-20 22:20:44.568 --- Rotating earth winds to grid winds
2020-03-20 22:20:44.570 --- Rotating earth winds to grid winds
2020-03-20 22:20:44.571 --- Rotating earth winds to grid winds
2020-03-20 22:20:44.572 --- Rotating earth winds to grid winds
2020-03-20 22:20:44.573 --- Rotating earth winds to grid winds
2020-03-20 22:20:44.574 --- Rotating earth winds to grid winds
2020-03-20 22:20:44.575 --- Rotating earth winds to grid winds
2020-03-20 22:20:44.576 --- Rotating earth winds to grid winds
2020-03-20 22:20:44.577 --- Rotating earth winds to grid winds
2020-03-20 22:20:44.578 --- Rotating earth winds to grid winds
2020-03-20 22:20:44.579 --- Rotating earth winds to grid winds
2020-03-20 22:20:44.580 --- Rotating earth winds to grid winds
2020-03-20 22:20:44.581 --- Rotating earth winds to grid winds
2020-03-20 22:20:44.582 --- Rotating earth winds to grid winds
2020-03-20 22:20:44.583 --- Rotating earth winds to grid winds
2020-03-20 22:20:44.584 --- Filling missing levels.
2020-03-20 22:20:44.585 --- INFORM: GHT at level 200100.000000 already exists; leaving it alone.
2020-03-20 22:20:44.585 --- INFORM: LANDSEA at level 200100.000000 already exists; leaving it alone.
2020-03-20 22:20:44.585 --- INFORM: PSFC at level 200100.000000 already exists; leaving it alone.
2020-03-20 22:20:44.585 --- INFORM: RH at level 200100.000000 already exists; leaving it alone.
2020-03-20 22:20:44.585 --- INFORM: VV at level 200100.000000 already exists; leaving it alone.
2020-03-20 22:20:44.585 --- INFORM: UU at level 200100.000000 already exists; leaving it alone.
2020-03-20 22:20:44.585 --- INFORM: TT at level 200100.000000 already exists; leaving it alone.
2020-03-20 22:20:44.601 --- Creating derived fields.
2020-03-20 22:20:44.601 --- INFORM: Going to create the field ST
2020-03-20 22:20:44.602 --- INFORM: ST at level 10.000000 already exists; leaving it alone.
2020-03-20 22:20:44.602 --- INFORM: Couldn't find ST010035 at level 200100.000000 to fill level 35.000000 of ST.
2020-03-20 22:20:44.602 --- INFORM: ST at level 100.000000 already exists; leaving it alone.
2020-03-20 22:20:44.602 --- INFORM: Couldn't find ST100300 at level 200100.000000 to fill level 300.000000 of ST.
2020-03-20 22:20:44.602 --- INFORM: ST at level 10.000000 already exists; leaving it alone.
2020-03-20 22:20:44.602 --- INFORM: ST at level 200.000000 already exists; leaving it alone.
2020-03-20 22:20:44.602 --- INFORM: Couldn't find ST000007 at level 200100.000000 to fill level 7.000000 of ST.
2020-03-20 22:20:44.602 --- INFORM: Couldn't find ST007028 at level 200100.000000 to fill level 28.000000 of ST.
2020-03-20 22:20:44.602 --- INFORM: ST at level 100.000000 already exists; leaving it alone.
2020-03-20 22:20:44.602 --- INFORM: Couldn't find ST100289 at level 200100.000000 to fill level 289.000000 of ST.
2020-03-20 22:20:44.602 --- INFORM: Going to create the field SM
2020-03-20 22:20:44.603 --- INFORM: SM at level 10.000000 already exists; leaving it alone.
2020-03-20 22:20:44.603 --- INFORM: Couldn't find SM010035 at level 200100.000000 to fill level 35.000000 of SM.
2020-03-20 22:20:44.603 --- INFORM: SM at level 100.000000 already exists; leaving it alone.
2020-03-20 22:20:44.603 --- INFORM: Couldn't find SM100300 at level 200100.000000 to fill level 300.000000 of SM.
2020-03-20 22:20:44.603 --- INFORM: SM at level 10.000000 already exists; leaving it alone.
2020-03-20 22:20:44.603 --- INFORM: SM at level 200.000000 already exists; leaving it alone.
2020-03-20 22:20:44.603 --- INFORM: Couldn't find SM000007 at level 200100.000000 to fill level 7.000000 of SM.
2020-03-20 22:20:44.603 --- INFORM: Couldn't find SM007028 at level 200100.000000 to fill level 28.000000 of SM.
2020-03-20 22:20:44.603 --- INFORM: SM at level 100.000000 already exists; leaving it alone.
2020-03-20 22:20:44.603 --- INFORM: Couldn't find SM100289 at level 200100.000000 to fill level 289.000000 of SM.
2020-03-20 22:20:44.603 --- INFORM: Going to create the field SW
2020-03-20 22:20:44.603 --- INFORM: Couldn't find SW000010 at level 200100.000000 to fill level 1.000000 of SW.
2020-03-20 22:20:44.603 --- INFORM: Couldn't find SW010040 at level 200100.000000 to fill level 2.000000 of SW.
2020-03-20 22:20:44.603 --- INFORM: Couldn't find SW040100 at level 200100.000000 to fill level 3.000000 of SW.
2020-03-20 22:20:44.603 --- INFORM: Couldn't find SW100200 at level 200100.000000 to fill level 4.000000 of SW.
2020-03-20 22:20:44.603 --- INFORM: Couldn't find SW000010 at level 200100.000000 to fill level 1.000000 of SW.
2020-03-20 22:20:44.603 --- INFORM: Couldn't find SW010200 at level 200100.000000 to fill level 2.000000 of SW.
2020-03-20 22:20:44.603 --- INFORM: Going to create the field SOIL_LAYERS
2020-03-20 22:20:44.604 --- INFORM: Going to create the field SOILM
2020-03-20 22:20:44.604 --- INFORM: Couldn't find SOILM000 at level 200100.000000 to fill level 0.000000 of SOILM.
2020-03-20 22:20:44.604 --- INFORM: Couldn't find SOILM005 at level 200100.000000 to fill level 5.000000 of SOILM.
2020-03-20 22:20:44.604 --- INFORM: Couldn't find SOILM020 at level 200100.000000 to fill level 20.000000 of SOILM.
2020-03-20 22:20:44.604 --- INFORM: Couldn't find SOILM040 at level 200100.000000 to fill level 40.000000 of SOILM.
2020-03-20 22:20:44.604 --- INFORM: Couldn't find SOILM160 at level 200100.000000 to fill level 160.000000 of SOILM.
2020-03-20 22:20:44.604 --- INFORM: Couldn't find SOILM300 at level 200100.000000 to fill level 300.000000 of SOILM.
2020-03-20 22:20:44.604 --- INFORM: Couldn't find SOILM001 at level 200100.000000 to fill level 1.000000 of SOILM.
2020-03-20 22:20:44.604 --- INFORM: Couldn't find SOILM004 at level 200100.000000 to fill level 4.000000 of SOILM.
2020-03-20 22:20:44.604 --- INFORM: Couldn't find SOILM010 at level 200100.000000 to fill level 10.000000 of SOILM.
2020-03-20 22:20:44.604 --- INFORM: Couldn't find SOILM030 at level 200100.000000 to fill level 30.000000 of SOILM.
2020-03-20 22:20:44.604 --- INFORM: Couldn't find SOILM060 at level 200100.000000 to fill level 60.000000 of SOILM.
2020-03-20 22:20:44.604 --- INFORM: Couldn't find SOILM100 at level 200100.000000 to fill level 100.000000 of SOILM.
2020-03-20 22:20:44.604 --- INFORM: Going to create the field SOILT
2020-03-20 22:20:44.605 --- INFORM: Couldn't find SOILT000 at level 200100.000000 to fill level 0.000000 of SOILT.
2020-03-20 22:20:44.605 --- INFORM: Couldn't find SOILT005 at level 200100.000000 to fill level 5.000000 of SOILT.
2020-03-20 22:20:44.605 --- INFORM: Couldn't find SOILT020 at level 200100.000000 to fill level 20.000000 of SOILT.
2020-03-20 22:20:44.605 --- INFORM: Couldn't find SOILT040 at level 200100.000000 to fill level 40.000000 of SOILT.
2020-03-20 22:20:44.605 --- INFORM: Couldn't find SOILT160 at level 200100.000000 to fill level 160.000000 of SOILT.
2020-03-20 22:20:44.605 --- INFORM: Couldn't find SOILT300 at level 200100.000000 to fill level 300.000000 of SOILT.
2020-03-20 22:20:44.605 --- INFORM: Couldn't find SOILT050 at level 200100.000000 to fill level 49.000000 of SOILT.
2020-03-20 22:20:44.605 --- INFORM: Couldn't find SOILT050 at level 200100.000000 to fill level 51.000000 of SOILT.
2020-03-20 22:20:44.605 --- INFORM: Couldn't find SOILT001 at level 200100.000000 to fill level 1.000000 of SOILT.
2020-03-20 22:20:44.605 --- INFORM: Couldn't find SOILT004 at level 200100.000000 to fill level 4.000000 of SOILT.
2020-03-20 22:20:44.605 --- INFORM: Couldn't find SOILT010 at level 200100.000000 to fill level 10.000000 of SOILT.
2020-03-20 22:20:44.605 --- INFORM: Couldn't find SOILT030 at level 200100.000000 to fill level 30.000000 of SOILT.
2020-03-20 22:20:44.605 --- INFORM: Couldn't find SOILT060 at level 200100.000000 to fill level 60.000000 of SOILT.
2020-03-20 22:20:44.605 --- INFORM: Couldn't find SOILT100 at level 200100.000000 to fill level 100.000000 of SOILT.
2020-03-20 22:20:44.605 --- INFORM: Going to create the field SOIL_LEVELS
2020-03-20 22:20:44.605 --- INFORM: Going to create the field PRES
2020-03-20 22:20:44.609 --- INFORM: PRES at level 200100.000000 already exists; leaving it alone.
2020-03-20 22:20:44.628 --- INFORM: Field LANDSEA.mask does not have a valid mask and will not be checked for missing values
2020-03-20 22:20:44.651 --- Initializing output module.
2020-03-20 22:20:44.660 --- Writing global attributes to output.
2020-03-20 22:20:44.705 --- Writing field PRES to output.
2020-03-20 22:20:44.738 --- Writing field SOIL_LAYERS to output.
2020-03-20 22:20:44.738 --- Writing field SM to output.
2020-03-20 22:20:44.739 --- Writing field ST to output.
2020-03-20 22:20:44.739 --- Writing field GHT to output.
2020-03-20 22:20:44.743 --- Writing field HGTTROP to output.
2020-03-20 22:20:44.743 --- Writing field TTROP to output.
2020-03-20 22:20:44.743 --- Writing field PTROPNN to output.
2020-03-20 22:20:44.743 --- Writing field PTROP to output.
2020-03-20 22:20:44.743 --- Writing field VTROP to output.
2020-03-20 22:20:44.743 --- Writing field UTROP to output.
2020-03-20 22:20:44.744 --- Writing field HGTMAXW to output.
2020-03-20 22:20:44.744 --- Writing field TMAXW to output.
2020-03-20 22:20:44.744 --- Writing field PMAXWNN to output.
2020-03-20 22:20:44.744 --- Writing field PMAXW to output.
2020-03-20 22:20:44.744 --- Writing field VMAXW to output.
2020-03-20 22:20:44.744 --- Writing field UMAXW to output.
2020-03-20 22:20:44.744 --- Writing field SNOWH to output.
2020-03-20 22:20:44.745 --- Writing field SNOW to output.
2020-03-20 22:20:44.745 --- Writing field SKINTEMP to output.
2020-03-20 22:20:44.745 --- Writing field SOILHGT to output.
2020-03-20 22:20:44.745 --- Writing field LANDSEA to output.
2020-03-20 22:20:44.745 --- Writing field SEAICE to output.
2020-03-20 22:20:44.745 --- Writing field ST100200 to output.
2020-03-20 22:20:44.746 --- Writing field ST040100 to output.
2020-03-20 22:20:44.746 --- Writing field ST010040 to output.
2020-03-20 22:20:44.746 --- Writing field ST000010 to output.
2020-03-20 22:20:44.746 --- Writing field SM100200 to output.
2020-03-20 22:20:44.746 --- Writing field SM040100 to output.
2020-03-20 22:20:44.746 --- Writing field SM010040 to output.
2020-03-20 22:20:44.747 --- Writing field SM000010 to output.
2020-03-20 22:20:44.747 --- Writing field PSFC to output.
2020-03-20 22:20:44.748 --- Writing field RH to output.
2020-03-20 22:20:44.751 --- Writing field VV to output.
2020-03-20 22:20:44.755 --- Writing field UU to output.
2020-03-20 22:20:44.759 --- Writing field TT to output.
2020-03-20 22:20:44.762 --- Writing field PMSL to output.
2020-03-20 22:20:44.767 --- Writing field URB_PARAM to output.
2020-03-20 22:20:44.784 --- Writing field LAKE_DEPTH to output.
2020-03-20 22:20:44.784 --- Writing field VAR_SSO to output.
2020-03-20 22:20:44.784 --- Writing field OL4 to output.
2020-03-20 22:20:44.784 --- Writing field OL3 to output.
2020-03-20 22:20:44.785 --- Writing field OL2 to output.
2020-03-20 22:20:44.785 --- Writing field OL1 to output.
2020-03-20 22:20:44.785 --- Writing field OA4 to output.
2020-03-20 22:20:44.785 --- Writing field OA3 to output.
2020-03-20 22:20:44.785 --- Writing field OA2 to output.
2020-03-20 22:20:44.786 --- Writing field OA1 to output.
2020-03-20 22:20:44.786 --- Writing field VAR to output.
2020-03-20 22:20:44.786 --- Writing field CON to output.
2020-03-20 22:20:44.786 --- Writing field SLOPECAT to output.
2020-03-20 22:20:44.786 --- Writing field SNOALB to output.
2020-03-20 22:20:44.787 --- Writing field LAI12M to output.
2020-03-20 22:20:44.788 --- Writing field GREENFRAC to output.
2020-03-20 22:20:44.790 --- Writing field ALBEDO12M to output.
2020-03-20 22:20:44.791 --- Writing field SCB_DOM to output.
2020-03-20 22:20:44.791 --- Writing field SOILCBOT to output.
2020-03-20 22:20:44.793 --- Writing field SCT_DOM to output.
2020-03-20 22:20:44.794 --- Writing field SOILCTOP to output.
2020-03-20 22:20:44.795 --- Writing field SOILTEMP to output.
2020-03-20 22:20:44.795 --- Writing field HGT_M to output.
2020-03-20 22:20:44.796 --- Writing field LU_INDEX to output.
2020-03-20 22:20:44.796 --- Writing field LANDUSEF to output.
2020-03-20 22:20:44.799 --- Writing field LANDMASK to output.
2020-03-20 22:20:44.799 --- Writing field COSALPHA to output.
2020-03-20 22:20:44.800 --- Writing field SINALPHA to output.
2020-03-20 22:20:44.800 --- Writing field F to output.
2020-03-20 22:20:44.800 --- Writing field E to output.
2020-03-20 22:20:44.800 --- Writing field MAPFAC_UY to output.
2020-03-20 22:20:44.801 --- Writing field MAPFAC_VY to output.
2020-03-20 22:20:44.801 --- Writing field MAPFAC_MY to output.
2020-03-20 22:20:44.801 --- Writing field MAPFAC_UX to output.
2020-03-20 22:20:44.801 --- Writing field MAPFAC_VX to output.
2020-03-20 22:20:44.801 --- Writing field MAPFAC_MX to output.
2020-03-20 22:20:44.802 --- Writing field MAPFAC_U to output.
2020-03-20 22:20:44.802 --- Writing field MAPFAC_V to output.
2020-03-20 22:20:44.802 --- Writing field MAPFAC_M to output.
2020-03-20 22:20:44.802 --- Writing field CLONG to output.
2020-03-20 22:20:44.803 --- Writing field CLAT to output.
2020-03-20 22:20:44.803 --- Writing field XLONG_U to output.
2020-03-20 22:20:44.803 --- Writing field XLAT_U to output.
2020-03-20 22:20:44.803 --- Writing field XLONG_V to output.
2020-03-20 22:20:44.803 --- Writing field XLAT_V to output.
2020-03-20 22:20:44.804 --- Writing field XLONG_M to output.
2020-03-20 22:20:44.804 --- Writing field XLAT_M to output.
2020-03-20 22:20:44.804 --- Closing output file.
2020-03-20 22:20:44.805 --- Preparing to process output time 2020-01-01_06
2020-03-20 22:20:44.805 --- Getting input fields from FILE
2020-03-20 22:20:44.843 --- Processing PMSL at level 201300.000000.
2020-03-20 22:20:44.846 --- Processing TT at level 200100.000000.
2020-03-20 22:20:44.849 --- Processing UU at level 200100.000000.
2020-03-20 22:20:44.851 --- Processing VV at level 200100.000000.
2020-03-20 22:20:44.854 --- Processing RH at level 200100.000000.
2020-03-20 22:20:44.857 --- Processing PSFC at level 200100.000000.
2020-03-20 22:20:44.858 --- Processing SM000010 at level 200100.000000.
2020-03-20 22:20:44.861 --- Processing SM010040 at level 200100.000000.
2020-03-20 22:20:44.864 --- Processing SM040100 at level 200100.000000.
2020-03-20 22:20:44.867 --- Processing SM100200 at level 200100.000000.
2020-03-20 22:20:44.870 --- Processing ST000010 at level 200100.000000.
2020-03-20 22:20:44.873 --- Processing ST010040 at level 200100.000000.
2020-03-20 22:20:44.876 --- Processing ST040100 at level 200100.000000.
2020-03-20 22:20:44.879 --- Processing ST100200 at level 200100.000000.
2020-03-20 22:20:44.882 --- Processing SEAICE at level 200100.000000.
2020-03-20 22:20:44.883 --- Processing LANDSEA at level 200100.000000.
2020-03-20 22:20:44.884 --- Processing SOILHGT at level 200100.000000.
2020-03-20 22:20:44.886 --- Processing SKINTEMP at level 200100.000000.
2020-03-20 22:20:44.889 --- Processing SNOW at level 200100.000000.
2020-03-20 22:20:44.891 --- Processing SNOWH at level 200100.000000.
2020-03-20 22:20:44.893 --- Processing UMAXW at level 200100.000000.
2020-03-20 22:20:44.894 --- Processing VMAXW at level 200100.000000.
2020-03-20 22:20:44.896 --- Processing PMAXW at level 200100.000000.
2020-03-20 22:20:44.897 --- Processing PMAXWNN at level 200100.000000.
2020-03-20 22:20:44.899 --- Processing TMAXW at level 200100.000000.
2020-03-20 22:20:44.900 --- Processing HGTMAXW at level 200100.000000.
2020-03-20 22:20:44.902 --- Processing UTROP at level 200100.000000.
2020-03-20 22:20:44.904 --- Processing VTROP at level 200100.000000.
2020-03-20 22:20:44.905 --- Processing PTROP at level 200100.000000.
2020-03-20 22:20:44.907 --- Processing PTROPNN at level 200100.000000.
2020-03-20 22:20:44.908 --- Processing TTROP at level 200100.000000.
2020-03-20 22:20:44.910 --- Processing HGTTROP at level 200100.000000.
2020-03-20 22:20:44.912 --- Processing TT at level 100000.000000.
2020-03-20 22:20:44.914 --- Processing UU at level 100000.000000.
2020-03-20 22:20:44.916 --- Processing VV at level 100000.000000.
2020-03-20 22:20:44.919 --- Processing RH at level 100000.000000.
2020-03-20 22:20:44.921 --- Processing GHT at level 100000.000000.
2020-03-20 22:20:44.924 --- Processing TT at level 97500.000000.
2020-03-20 22:20:44.926 --- Processing UU at level 97500.000000.
2020-03-20 22:20:44.929 --- Processing VV at level 97500.000000.
2020-03-20 22:20:44.931 --- Processing RH at level 97500.000000.
2020-03-20 22:20:44.933 --- Processing GHT at level 97500.000000.
2020-03-20 22:20:44.936 --- Processing TT at level 95000.000000.
2020-03-20 22:20:44.938 --- Processing UU at level 95000.000000.
2020-03-20 22:20:44.941 --- Processing VV at level 95000.000000.
2020-03-20 22:20:44.943 --- Processing RH at level 95000.000000.
2020-03-20 22:20:44.946 --- Processing GHT at level 95000.000000.
2020-03-20 22:20:44.948 --- Processing TT at level 92500.000000.
2020-03-20 22:20:44.951 --- Processing UU at level 92500.000000.
2020-03-20 22:20:44.953 --- Processing VV at level 92500.000000.
2020-03-20 22:20:44.956 --- Processing RH at level 92500.000000.
2020-03-20 22:20:44.958 --- Processing GHT at level 92500.000000.
2020-03-20 22:20:44.961 --- Processing TT at level 90000.000000.
2020-03-20 22:20:44.963 --- Processing UU at level 90000.000000.
2020-03-20 22:20:44.965 --- Processing VV at level 90000.000000.
2020-03-20 22:20:44.968 --- Processing RH at level 90000.000000.
2020-03-20 22:20:44.970 --- Processing GHT at level 90000.000000.
2020-03-20 22:20:44.973 --- Processing TT at level 85000.000000.
2020-03-20 22:20:44.975 --- Processing UU at level 85000.000000.
2020-03-20 22:20:44.978 --- Processing VV at level 85000.000000.
2020-03-20 22:20:44.980 --- Processing RH at level 85000.000000.
2020-03-20 22:20:44.982 --- Processing GHT at level 85000.000000.
2020-03-20 22:20:44.985 --- Processing TT at level 80000.000000.
2020-03-20 22:20:44.987 --- Processing UU at level 80000.000000.
2020-03-20 22:20:44.990 --- Processing VV at level 80000.000000.
2020-03-20 22:20:44.992 --- Processing RH at level 80000.000000.
2020-03-20 22:20:44.994 --- Processing GHT at level 80000.000000.
2020-03-20 22:20:44.997 --- Processing TT at level 75000.000000.
2020-03-20 22:20:44.999 --- Processing UU at level 75000.000000.
2020-03-20 22:20:45.002 --- Processing VV at level 75000.000000.
2020-03-20 22:20:45.004 --- Processing RH at level 75000.000000.
2020-03-20 22:20:45.006 --- Processing GHT at level 75000.000000.
2020-03-20 22:20:45.009 --- Processing TT at level 70000.000000.
2020-03-20 22:20:45.011 --- Processing UU at level 70000.000000.
2020-03-20 22:20:45.014 --- Processing VV at level 70000.000000.
2020-03-20 22:20:45.016 --- Processing RH at level 70000.000000.
2020-03-20 22:20:45.019 --- Processing GHT at level 70000.000000.
2020-03-20 22:20:45.021 --- Processing TT at level 65000.000000.
2020-03-20 22:20:45.023 --- Processing UU at level 65000.000000.
2020-03-20 22:20:45.026 --- Processing VV at level 65000.000000.
2020-03-20 22:20:45.028 --- Processing RH at level 65000.000000.
2020-03-20 22:20:45.031 --- Processing GHT at level 65000.000000.
2020-03-20 22:20:45.033 --- Processing TT at level 60000.000000.
2020-03-20 22:20:45.036 --- Processing UU at level 60000.000000.
2020-03-20 22:20:45.038 --- Processing VV at level 60000.000000.
2020-03-20 22:20:45.041 --- Processing RH at level 60000.000000.
2020-03-20 22:20:45.043 --- Processing GHT at level 60000.000000.
2020-03-20 22:20:45.046 --- Processing TT at level 55000.000000.
2020-03-20 22:20:45.048 --- Processing UU at level 55000.000000.
2020-03-20 22:20:45.051 --- Processing VV at level 55000.000000.
2020-03-20 22:20:45.054 --- Processing RH at level 55000.000000.
2020-03-20 22:20:45.056 --- Processing GHT at level 55000.000000.
2020-03-20 22:20:45.059 --- Processing TT at level 50000.000000.
2020-03-20 22:20:45.061 --- Processing UU at level 50000.000000.
2020-03-20 22:20:45.064 --- Processing VV at level 50000.000000.
2020-03-20 22:20:45.066 --- Processing RH at level 50000.000000.
2020-03-20 22:20:45.069 --- Processing GHT at level 50000.000000.
2020-03-20 22:20:45.071 --- Processing TT at level 45000.000000.
2020-03-20 22:20:45.074 --- Processing UU at level 45000.000000.
2020-03-20 22:20:45.076 --- Processing VV at level 45000.000000.
2020-03-20 22:20:45.079 --- Processing RH at level 45000.000000.
2020-03-20 22:20:45.081 --- Processing GHT at level 45000.000000.
2020-03-20 22:20:45.084 --- Processing TT at level 40000.000000.
2020-03-20 22:20:45.086 --- Processing UU at level 40000.000000.
2020-03-20 22:20:45.089 --- Processing VV at level 40000.000000.
2020-03-20 22:20:45.091 --- Processing RH at level 40000.000000.
2020-03-20 22:20:45.094 --- Processing GHT at level 40000.000000.
2020-03-20 22:20:45.096 --- Processing TT at level 35000.000000.
2020-03-20 22:20:45.099 --- Processing UU at level 35000.000000.
2020-03-20 22:20:45.101 --- Processing VV at level 35000.000000.
2020-03-20 22:20:45.103 --- Processing RH at level 35000.000000.
2020-03-20 22:20:45.106 --- Processing GHT at level 35000.000000.
2020-03-20 22:20:45.108 --- Processing TT at level 30000.000000.
2020-03-20 22:20:45.111 --- Processing UU at level 30000.000000.
2020-03-20 22:20:45.113 --- Processing VV at level 30000.000000.
2020-03-20 22:20:45.115 --- Processing RH at level 30000.000000.
2020-03-20 22:20:45.118 --- Processing GHT at level 30000.000000.
2020-03-20 22:20:45.120 --- Processing TT at level 25000.000000.
2020-03-20 22:20:45.123 --- Processing UU at level 25000.000000.
2020-03-20 22:20:45.125 --- Processing VV at level 25000.000000.
2020-03-20 22:20:45.127 --- Processing RH at level 25000.000000.
2020-03-20 22:20:45.130 --- Processing GHT at level 25000.000000.
2020-03-20 22:20:45.132 --- Processing TT at level 20000.000000.
2020-03-20 22:20:45.135 --- Processing UU at level 20000.000000.
2020-03-20 22:20:45.137 --- Processing VV at level 20000.000000.
2020-03-20 22:20:45.140 --- Processing RH at level 20000.000000.
2020-03-20 22:20:45.142 --- Processing GHT at level 20000.000000.
2020-03-20 22:20:45.144 --- Processing TT at level 15000.000000.
2020-03-20 22:20:45.147 --- Processing UU at level 15000.000000.
2020-03-20 22:20:45.149 --- Processing VV at level 15000.000000.
2020-03-20 22:20:45.152 --- Processing RH at level 15000.000000.
2020-03-20 22:20:45.154 --- Processing GHT at level 15000.000000.
2020-03-20 22:20:45.157 --- Processing TT at level 10000.000000.
2020-03-20 22:20:45.159 --- Processing UU at level 10000.000000.
2020-03-20 22:20:45.161 --- Processing VV at level 10000.000000.
2020-03-20 22:20:45.164 --- Processing RH at level 10000.000000.
2020-03-20 22:20:45.166 --- Processing GHT at level 10000.000000.
2020-03-20 22:20:45.169 --- Processing TT at level 7000.000000.
2020-03-20 22:20:45.171 --- Processing UU at level 7000.000000.
2020-03-20 22:20:45.173 --- Processing VV at level 7000.000000.
2020-03-20 22:20:45.176 --- Processing RH at level 7000.000000.
2020-03-20 22:20:45.178 --- Processing GHT at level 7000.000000.
2020-03-20 22:20:45.180 --- Processing TT at level 5000.000000.
2020-03-20 22:20:45.183 --- Processing UU at level 5000.000000.
2020-03-20 22:20:45.185 --- Processing VV at level 5000.000000.
2020-03-20 22:20:45.188 --- Processing RH at level 5000.000000.
2020-03-20 22:20:45.190 --- Processing GHT at level 5000.000000.
2020-03-20 22:20:45.192 --- Processing TT at level 3000.000000.
2020-03-20 22:20:45.195 --- Processing UU at level 3000.000000.
2020-03-20 22:20:45.197 --- Processing VV at level 3000.000000.
2020-03-20 22:20:45.200 --- Processing RH at level 3000.000000.
2020-03-20 22:20:45.202 --- Processing GHT at level 3000.000000.
2020-03-20 22:20:45.205 --- Processing TT at level 2000.000000.
2020-03-20 22:20:45.207 --- Processing UU at level 2000.000000.
2020-03-20 22:20:45.209 --- Processing VV at level 2000.000000.
2020-03-20 22:20:45.212 --- Processing RH at level 2000.000000.
2020-03-20 22:20:45.214 --- Processing GHT at level 2000.000000.
2020-03-20 22:20:45.216 --- Processing TT at level 1000.000000.
2020-03-20 22:20:45.219 --- Processing UU at level 1000.000000.
2020-03-20 22:20:45.221 --- Processing VV at level 1000.000000.
2020-03-20 22:20:45.223 --- Processing RH at level 1000.000000.
2020-03-20 22:20:45.226 --- Processing GHT at level 1000.000000.
2020-03-20 22:20:45.228 --- Processing TT at level 700.000000.
2020-03-20 22:20:45.231 --- Processing UU at level 700.000000.
2020-03-20 22:20:45.233 --- Processing VV at level 700.000000.
2020-03-20 22:20:45.235 --- Processing RH at level 700.000000.
2020-03-20 22:20:45.238 --- Processing GHT at level 700.000000.
2020-03-20 22:20:45.240 --- Processing TT at level 500.000000.
2020-03-20 22:20:45.242 --- Processing UU at level 500.000000.
2020-03-20 22:20:45.245 --- Processing VV at level 500.000000.
2020-03-20 22:20:45.247 --- Processing RH at level 500.000000.
2020-03-20 22:20:45.249 --- Processing GHT at level 500.000000.
2020-03-20 22:20:45.252 --- Processing TT at level 300.000000.
2020-03-20 22:20:45.254 --- Processing UU at level 300.000000.
2020-03-20 22:20:45.257 --- Processing VV at level 300.000000.
2020-03-20 22:20:45.259 --- Processing RH at level 300.000000.
2020-03-20 22:20:45.261 --- Processing GHT at level 300.000000.
2020-03-20 22:20:45.263 --- Processing TT at level 200.000000.
2020-03-20 22:20:45.266 --- Processing UU at level 200.000000.
2020-03-20 22:20:45.268 --- Processing VV at level 200.000000.
2020-03-20 22:20:45.270 --- Processing RH at level 200.000000.
2020-03-20 22:20:45.273 --- Processing GHT at level 200.000000.
2020-03-20 22:20:45.275 --- Processing TT at level 100.000000.
2020-03-20 22:20:45.277 --- Processing UU at level 100.000000.
2020-03-20 22:20:45.280 --- Processing VV at level 100.000000.
2020-03-20 22:20:45.282 --- Processing RH at level 100.000000.
2020-03-20 22:20:45.284 --- Processing GHT at level 100.000000.
2020-03-20 22:20:45.287 --- Rotating earth winds to grid winds
2020-03-20 22:20:45.288 --- Rotating earth winds to grid winds
2020-03-20 22:20:45.289 --- Rotating earth winds to grid winds
2020-03-20 22:20:45.290 --- Rotating earth winds to grid winds
2020-03-20 22:20:45.291 --- Rotating earth winds to grid winds
2020-03-20 22:20:45.292 --- Rotating earth winds to grid winds
2020-03-20 22:20:45.293 --- Rotating earth winds to grid winds
2020-03-20 22:20:45.294 --- Rotating earth winds to grid winds
2020-03-20 22:20:45.295 --- Rotating earth winds to grid winds
2020-03-20 22:20:45.296 --- Rotating earth winds to grid winds
2020-03-20 22:20:45.297 --- Rotating earth winds to grid winds
2020-03-20 22:20:45.298 --- Rotating earth winds to grid winds
2020-03-20 22:20:45.299 --- Rotating earth winds to grid winds
2020-03-20 22:20:45.300 --- Rotating earth winds to grid winds
2020-03-20 22:20:45.301 --- Rotating earth winds to grid winds
2020-03-20 22:20:45.302 --- Rotating earth winds to grid winds
2020-03-20 22:20:45.303 --- Rotating earth winds to grid winds
2020-03-20 22:20:45.304 --- Rotating earth winds to grid winds
2020-03-20 22:20:45.305 --- Rotating earth winds to grid winds
2020-03-20 22:20:45.306 --- Rotating earth winds to grid winds
2020-03-20 22:20:45.307 --- Rotating earth winds to grid winds
2020-03-20 22:20:45.308 --- Rotating earth winds to grid winds
2020-03-20 22:20:45.309 --- Rotating earth winds to grid winds
2020-03-20 22:20:45.310 --- Rotating earth winds to grid winds
2020-03-20 22:20:45.311 --- Rotating earth winds to grid winds
2020-03-20 22:20:45.312 --- Rotating earth winds to grid winds
2020-03-20 22:20:45.313 --- Rotating earth winds to grid winds
2020-03-20 22:20:45.314 --- Rotating earth winds to grid winds
2020-03-20 22:20:45.315 --- Rotating earth winds to grid winds
2020-03-20 22:20:45.316 --- Rotating earth winds to grid winds
2020-03-20 22:20:45.317 --- Rotating earth winds to grid winds
2020-03-20 22:20:45.318 --- Rotating earth winds to grid winds
2020-03-20 22:20:45.319 --- Filling missing levels.
2020-03-20 22:20:45.320 --- INFORM: GHT at level 200100.000000 already exists; leaving it alone.
2020-03-20 22:20:45.320 --- INFORM: LANDSEA at level 200100.000000 already exists; leaving it alone.
2020-03-20 22:20:45.320 --- INFORM: PSFC at level 200100.000000 already exists; leaving it alone.
2020-03-20 22:20:45.320 --- INFORM: RH at level 200100.000000 already exists; leaving it alone.
2020-03-20 22:20:45.320 --- INFORM: VV at level 200100.000000 already exists; leaving it alone.
2020-03-20 22:20:45.320 --- INFORM: UU at level 200100.000000 already exists; leaving it alone.
2020-03-20 22:20:45.320 --- INFORM: TT at level 200100.000000 already exists; leaving it alone.
2020-03-20 22:20:45.336 --- Creating derived fields.
2020-03-20 22:20:45.336 --- INFORM: Going to create the field ST
2020-03-20 22:20:45.337 --- INFORM: ST at level 10.000000 already exists; leaving it alone.
2020-03-20 22:20:45.337 --- INFORM: Couldn't find ST010035 at level 200100.000000 to fill level 35.000000 of ST.
2020-03-20 22:20:45.337 --- INFORM: ST at level 100.000000 already exists; leaving it alone.
2020-03-20 22:20:45.337 --- INFORM: Couldn't find ST100300 at level 200100.000000 to fill level 300.000000 of ST.
2020-03-20 22:20:45.337 --- INFORM: ST at level 10.000000 already exists; leaving it alone.
2020-03-20 22:20:45.337 --- INFORM: ST at level 200.000000 already exists; leaving it alone.
2020-03-20 22:20:45.337 --- INFORM: Couldn't find ST000007 at level 200100.000000 to fill level 7.000000 of ST.
2020-03-20 22:20:45.337 --- INFORM: Couldn't find ST007028 at level 200100.000000 to fill level 28.000000 of ST.
2020-03-20 22:20:45.337 --- INFORM: ST at level 100.000000 already exists; leaving it alone.
2020-03-20 22:20:45.337 --- INFORM: Couldn't find ST100289 at level 200100.000000 to fill level 289.000000 of ST.
2020-03-20 22:20:45.337 --- INFORM: Going to create the field SM
2020-03-20 22:20:45.338 --- INFORM: SM at level 10.000000 already exists; leaving it alone.
2020-03-20 22:20:45.338 --- INFORM: Couldn't find SM010035 at level 200100.000000 to fill level 35.000000 of SM.
2020-03-20 22:20:45.338 --- INFORM: SM at level 100.000000 already exists; leaving it alone.
2020-03-20 22:20:45.338 --- INFORM: Couldn't find SM100300 at level 200100.000000 to fill level 300.000000 of SM.
2020-03-20 22:20:45.338 --- INFORM: SM at level 10.000000 already exists; leaving it alone.
2020-03-20 22:20:45.338 --- INFORM: SM at level 200.000000 already exists; leaving it alone.
2020-03-20 22:20:45.338 --- INFORM: Couldn't find SM000007 at level 200100.000000 to fill level 7.000000 of SM.
2020-03-20 22:20:45.338 --- INFORM: Couldn't find SM007028 at level 200100.000000 to fill level 28.000000 of SM.
2020-03-20 22:20:45.338 --- INFORM: SM at level 100.000000 already exists; leaving it alone.
2020-03-20 22:20:45.338 --- INFORM: Couldn't find SM100289 at level 200100.000000 to fill level 289.000000 of SM.
2020-03-20 22:20:45.338 --- INFORM: Going to create the field SW
2020-03-20 22:20:45.338 --- INFORM: Couldn't find SW000010 at level 200100.000000 to fill level 1.000000 of SW.
2020-03-20 22:20:45.338 --- INFORM: Couldn't find SW010040 at level 200100.000000 to fill level 2.000000 of SW.
2020-03-20 22:20:45.338 --- INFORM: Couldn't find SW040100 at level 200100.000000 to fill level 3.000000 of SW.
2020-03-20 22:20:45.338 --- INFORM: Couldn't find SW100200 at level 200100.000000 to fill level 4.000000 of SW.
2020-03-20 22:20:45.338 --- INFORM: Couldn't find SW000010 at level 200100.000000 to fill level 1.000000 of SW.
2020-03-20 22:20:45.338 --- INFORM: Couldn't find SW010200 at level 200100.000000 to fill level 2.000000 of SW.
2020-03-20 22:20:45.338 --- INFORM: Going to create the field SOIL_LAYERS
2020-03-20 22:20:45.339 --- INFORM: Going to create the field SOILM
2020-03-20 22:20:45.339 --- INFORM: Couldn't find SOILM000 at level 200100.000000 to fill level 0.000000 of SOILM.
2020-03-20 22:20:45.339 --- INFORM: Couldn't find SOILM005 at level 200100.000000 to fill level 5.000000 of SOILM.
2020-03-20 22:20:45.339 --- INFORM: Couldn't find SOILM020 at level 200100.000000 to fill level 20.000000 of SOILM.
2020-03-20 22:20:45.339 --- INFORM: Couldn't find SOILM040 at level 200100.000000 to fill level 40.000000 of SOILM.
2020-03-20 22:20:45.339 --- INFORM: Couldn't find SOILM160 at level 200100.000000 to fill level 160.000000 of SOILM.
2020-03-20 22:20:45.339 --- INFORM: Couldn't find SOILM300 at level 200100.000000 to fill level 300.000000 of SOILM.
2020-03-20 22:20:45.339 --- INFORM: Couldn't find SOILM001 at level 200100.000000 to fill level 1.000000 of SOILM.
2020-03-20 22:20:45.339 --- INFORM: Couldn't find SOILM004 at level 200100.000000 to fill level 4.000000 of SOILM.
2020-03-20 22:20:45.339 --- INFORM: Couldn't find SOILM010 at level 200100.000000 to fill level 10.000000 of SOILM.
2020-03-20 22:20:45.339 --- INFORM: Couldn't find SOILM030 at level 200100.000000 to fill level 30.000000 of SOILM.
2020-03-20 22:20:45.339 --- INFORM: Couldn't find SOILM060 at level 200100.000000 to fill level 60.000000 of SOILM.
2020-03-20 22:20:45.339 --- INFORM: Couldn't find SOILM100 at level 200100.000000 to fill level 100.000000 of SOILM.
2020-03-20 22:20:45.339 --- INFORM: Going to create the field SOILT
2020-03-20 22:20:45.339 --- INFORM: Couldn't find SOILT000 at level 200100.000000 to fill level 0.000000 of SOILT.
2020-03-20 22:20:45.339 --- INFORM: Couldn't find SOILT005 at level 200100.000000 to fill level 5.000000 of SOILT.
2020-03-20 22:20:45.339 --- INFORM: Couldn't find SOILT020 at level 200100.000000 to fill level 20.000000 of SOILT.
2020-03-20 22:20:45.339 --- INFORM: Couldn't find SOILT040 at level 200100.000000 to fill level 40.000000 of SOILT.
2020-03-20 22:20:45.340 --- INFORM: Couldn't find SOILT160 at level 200100.000000 to fill level 160.000000 of SOILT.
2020-03-20 22:20:45.340 --- INFORM: Couldn't find SOILT300 at level 200100.000000 to fill level 300.000000 of SOILT.
2020-03-20 22:20:45.340 --- INFORM: Couldn't find SOILT050 at level 200100.000000 to fill level 49.000000 of SOILT.
2020-03-20 22:20:45.340 --- INFORM: Couldn't find SOILT050 at level 200100.000000 to fill level 51.000000 of SOILT.
2020-03-20 22:20:45.340 --- INFORM: Couldn't find SOILT001 at level 200100.000000 to fill level 1.000000 of SOILT.
2020-03-20 22:20:45.340 --- INFORM: Couldn't find SOILT004 at level 200100.000000 to fill level 4.000000 of SOILT.
2020-03-20 22:20:45.340 --- INFORM: Couldn't find SOILT010 at level 200100.000000 to fill level 10.000000 of SOILT.
2020-03-20 22:20:45.340 --- INFORM: Couldn't find SOILT030 at level 200100.000000 to fill level 30.000000 of SOILT.
2020-03-20 22:20:45.340 --- INFORM: Couldn't find SOILT060 at level 200100.000000 to fill level 60.000000 of SOILT.
2020-03-20 22:20:45.340 --- INFORM: Couldn't find SOILT100 at level 200100.000000 to fill level 100.000000 of SOILT.
2020-03-20 22:20:45.340 --- INFORM: Going to create the field SOIL_LEVELS
2020-03-20 22:20:45.340 --- INFORM: Going to create the field PRES
2020-03-20 22:20:45.343 --- INFORM: PRES at level 200100.000000 already exists; leaving it alone.
2020-03-20 22:20:45.363 --- INFORM: Field LANDSEA.mask does not have a valid mask and will not be checked for missing values
2020-03-20 22:20:45.385 --- Initializing output module.
2020-03-20 22:20:45.394 --- Writing global attributes to output.
2020-03-20 22:20:45.439 --- Writing field PRES to output.
2020-03-20 22:20:45.470 --- Writing field SOIL_LAYERS to output.
2020-03-20 22:20:45.470 --- Writing field SM to output.
2020-03-20 22:20:45.471 --- Writing field ST to output.
2020-03-20 22:20:45.472 --- Writing field GHT to output.
2020-03-20 22:20:45.475 --- Writing field HGTTROP to output.
2020-03-20 22:20:45.475 --- Writing field TTROP to output.
2020-03-20 22:20:45.475 --- Writing field PTROPNN to output.
2020-03-20 22:20:45.475 --- Writing field PTROP to output.
2020-03-20 22:20:45.475 --- Writing field VTROP to output.
2020-03-20 22:20:45.475 --- Writing field UTROP to output.
2020-03-20 22:20:45.475 --- Writing field HGTMAXW to output.
2020-03-20 22:20:45.476 --- Writing field TMAXW to output.
2020-03-20 22:20:45.476 --- Writing field PMAXWNN to output.
2020-03-20 22:20:45.476 --- Writing field PMAXW to output.
2020-03-20 22:20:45.476 --- Writing field VMAXW to output.
2020-03-20 22:20:45.476 --- Writing field UMAXW to output.
2020-03-20 22:20:45.476 --- Writing field SNOWH to output.
2020-03-20 22:20:45.476 --- Writing field SNOW to output.
2020-03-20 22:20:45.477 --- Writing field SKINTEMP to output.
2020-03-20 22:20:45.477 --- Writing field SOILHGT to output.
2020-03-20 22:20:45.477 --- Writing field LANDSEA to output.
2020-03-20 22:20:45.477 --- Writing field SEAICE to output.
2020-03-20 22:20:45.477 --- Writing field ST100200 to output.
2020-03-20 22:20:45.477 --- Writing field ST040100 to output.
2020-03-20 22:20:45.478 --- Writing field ST010040 to output.
2020-03-20 22:20:45.478 --- Writing field ST000010 to output.
2020-03-20 22:20:45.478 --- Writing field SM100200 to output.
2020-03-20 22:20:45.478 --- Writing field SM040100 to output.
2020-03-20 22:20:45.478 --- Writing field SM010040 to output.
2020-03-20 22:20:45.478 --- Writing field SM000010 to output.
2020-03-20 22:20:45.479 --- Writing field PSFC to output.
2020-03-20 22:20:45.479 --- Writing field RH to output.
2020-03-20 22:20:45.482 --- Writing field VV to output.
2020-03-20 22:20:45.486 --- Writing field UU to output.
2020-03-20 22:20:45.489 --- Writing field TT to output.
2020-03-20 22:20:45.492 --- Writing field PMSL to output.
2020-03-20 22:20:45.495 --- Writing field URB_PARAM to output.
2020-03-20 22:20:45.512 --- Writing field LAKE_DEPTH to output.
2020-03-20 22:20:45.512 --- Writing field VAR_SSO to output.
2020-03-20 22:20:45.512 --- Writing field OL4 to output.
2020-03-20 22:20:45.512 --- Writing field OL3 to output.
2020-03-20 22:20:45.512 --- Writing field OL2 to output.
2020-03-20 22:20:45.513 --- Writing field OL1 to output.
2020-03-20 22:20:45.513 --- Writing field OA4 to output.
2020-03-20 22:20:45.513 --- Writing field OA3 to output.
2020-03-20 22:20:45.513 --- Writing field OA2 to output.
2020-03-20 22:20:45.513 --- Writing field OA1 to output.
2020-03-20 22:20:45.513 --- Writing field VAR to output.
2020-03-20 22:20:45.514 --- Writing field CON to output.
2020-03-20 22:20:45.514 --- Writing field SLOPECAT to output.
2020-03-20 22:20:45.514 --- Writing field SNOALB to output.
2020-03-20 22:20:45.515 --- Writing field LAI12M to output.
2020-03-20 22:20:45.516 --- Writing field GREENFRAC to output.
2020-03-20 22:20:45.517 --- Writing field ALBEDO12M to output.
2020-03-20 22:20:45.519 --- Writing field SCB_DOM to output.
2020-03-20 22:20:45.519 --- Writing field SOILCBOT to output.
2020-03-20 22:20:45.521 --- Writing field SCT_DOM to output.
2020-03-20 22:20:45.521 --- Writing field SOILCTOP to output.
2020-03-20 22:20:45.523 --- Writing field SOILTEMP to output.
2020-03-20 22:20:45.523 --- Writing field HGT_M to output.
2020-03-20 22:20:45.523 --- Writing field LU_INDEX to output.
2020-03-20 22:20:45.524 --- Writing field LANDUSEF to output.
2020-03-20 22:20:45.526 --- Writing field LANDMASK to output.
2020-03-20 22:20:45.527 --- Writing field COSALPHA to output.
2020-03-20 22:20:45.527 --- Writing field SINALPHA to output.
2020-03-20 22:20:45.527 --- Writing field F to output.
2020-03-20 22:20:45.527 --- Writing field E to output.
2020-03-20 22:20:45.528 --- Writing field MAPFAC_UY to output.
2020-03-20 22:20:45.528 --- Writing field MAPFAC_VY to output.
2020-03-20 22:20:45.528 --- Writing field MAPFAC_MY to output.
2020-03-20 22:20:45.528 --- Writing field MAPFAC_UX to output.
2020-03-20 22:20:45.528 --- Writing field MAPFAC_VX to output.
2020-03-20 22:20:45.529 --- Writing field MAPFAC_MX to output.
2020-03-20 22:20:45.529 --- Writing field MAPFAC_U to output.
2020-03-20 22:20:45.529 --- Writing field MAPFAC_V to output.
2020-03-20 22:20:45.529 --- Writing field MAPFAC_M to output.
2020-03-20 22:20:45.529 --- Writing field CLONG to output.
2020-03-20 22:20:45.530 --- Writing field CLAT to output.
2020-03-20 22:20:45.530 --- Writing field XLONG_U to output.
2020-03-20 22:20:45.530 --- Writing field XLAT_U to output.
2020-03-20 22:20:45.530 --- Writing field XLONG_V to output.
2020-03-20 22:20:45.531 --- Writing field XLAT_V to output.
2020-03-20 22:20:45.531 --- Writing field XLONG_M to output.
2020-03-20 22:20:45.531 --- Writing field XLAT_M to output.
2020-03-20 22:20:45.531 --- Closing output file.
2020-03-20 22:20:45.532 ---  *** Successful completion of program metgrid.exe ***
