 *** Starting program ungrib.exe ***
Start_date =  2000-01-24_12:00:00 ,      End_date = 2000-01-25_12:00:00
output format is WPS
Path to intermediate files is ./

###############################################################################

Inventory for date = 2000-01-24 12:00:00

PRES   TT       UU       VV       RH       SPECHUMD HGT      PSFC     PMSL     SNOW     ST000010 ST010040 ST040100 ST100200 SM000010 SM010040 SM040100 SM100200 SOILHGT  SKINTEMP SEAICE   LANDSEA 
-------------------------------------------------------------------------------
2013.0  O        O        O        O        O        O        O        X        O        O        O        O        O        O        O        O        O        O        O        O        O      
2001.1  O        O        O        O        O        O        O        O        X        O        O        O        O        O        O        O        O        O        O        O        O      
2001.0  O        O        O        O        O        O        O        O        X        O        O        O        O        O        O        O        O        O        O        O        O      
2001.0  O        O        O        O        O        O        X        O        O        X        X        X        X        X        X        X        X        X        X        O        O      
1000.0  X        X        X                 X        X                                                                                                                                             
 975.0  X        X        X                 X        X                                                                                                                                             
 950.0  X        X        X                 X        X                                                                                                                                             
 925.0  X        X        X                 X        X                                                                                                                                             
 900.0  X        X        X                 X        X                                                                                                                                             
 875.0  X        X        X                 X        X                                                                                                                                             
 850.0  X        X        X                 X        X                                                                                                                                             
 800.0  X        X        X                 X        X                                                                                                                                             
 750.0  X        X        X                 X        X                                                                                                                                             
 700.0  X        X        X                 X        X                                                                                                                                             
 650.0  X        X        X                 X        X                                                                                                                                             
 600.0  X        X        X                 X        X                                                                                                                                             
 550.0  X        X        X                 X        X                                                                                                                                             
 500.0  X        X        X                 X        X                                                                                                                                             
 450.0  X        X        X                 X        X                                                                                                                                             
 400.0  X        X        X                 X        X                                                                                                                                             
 350.0  X        X        X                 X        X                                                                                                                                             
 300.0  X        X        X                 X        X                                                                                                                                             
 275.0  X        X        X                 X        X                                                                                                                                             
 250.0  X        X        X                 X        X                                                                                                                                             
 225.0  X        X        X                 X        X                                                                                                                                             
 200.0  X        X        X                 X        X                                                                                                                                             
 175.0  X        X        X                 X        X                                                                                                                                             
 150.0  X        X        X                 X        X                                                                                                                                             
 100.0  X        X        X                 X        X                                                                                                                                             
  50.0  X        X        X                 X        X                                                                                                                                             
-------------------------------------------------------------------------------

###############################################################################

Inventory for date = 2000-01-24 12:00:00

PRES   TT       UU       VV       RH       SPECHUMD HGT      PSFC     PMSL     SNOW     ST000010 ST010040 ST040100 ST100200 SM000010 SM010040 SM040100 SM100200 SOILHGT  SKINTEMP SEAICE   LANDSEA 
-------------------------------------------------------------------------------
2013.0  O        O        O        O        O        O        O        X        O        O        O        O        O        O        O        O        O        O        O        O        O      
2001.1  O        O        O        O        O        O        O        O        X        O        O        O        O        O        O        O        O        O        O        O        O      
2001.0  O        O        X        O        O        O        O        O        O        O        O        O        O        O        O        O        O        O        O        O        O      
2001.0  O        X        O        O        O        O        O        O        O        O        O        O        O        O        O        O        O        O        O        O        O      
2001.0  O        O        O        O        X        O        O        O        O        O        O        O        O        O        O        O        O        O        O        O        O      
2001.0  O        O        O        O        O        O        O        O        X        O        O        O        O        O        O        O        O        O        O        O        O      
2001.0  X        O        O        O        O        O        X        O        O        X        X        X        X        X        X        X        X        X        X        X        X      
1000.0                                               X                                                                                                                                             
 850.0  X        X        X                 X        X                                                                                                                                             
 500.0                                               X                                                                                                                                             
 250.0           X        X                          X                                                                                                                                             
-------------------------------------------------------------------------------

###############################################################################

Inventory for date = 2000-01-24 18:00:00

PRES   TT       UU       VV       RH       SPECHUMD HGT      PSFC     PMSL     SNOW     ST000010 ST010040 ST040100 ST100200 SM000010 SM010040 SM040100 SM100200 SOILHGT  SKINTEMP SEAICE   LANDSEA 
-------------------------------------------------------------------------------
2013.0  O        O        O        O        O        O        O        X        O        O        O        O        O        O        O        O        O        O        O        O        O      
2001.1  O        O        O        O        O        O        O        O        X        O        O        O        O        O        O        O        O        O        O        O        O      
2001.0  O        O        O        O        O        O        O        O        X        O        O        O        O        O        O        O        O        O        O        O        O      
2001.0  O        O        O        O        O        O        X        O        O        X        X        X        X        X        X        X        X        X        X        O        O      
1000.0  X        X        X                 X        X                                                                                                                                             
 975.0  X        X        X                 X        X                                                                                                                                             
 950.0  X        X        X                 X        X                                                                                                                                             
 925.0  X        X        X                 X        X                                                                                                                                             
 900.0  X        X        X                 X        X                                                                                                                                             
 875.0  X        X        X                 X        X                                                                                                                                             
 850.0  X        X        X                 X        X                                                                                                                                             
 800.0  X        X        X                 X        X                                                                                                                                             
 750.0  X        X        X                 X        X                                                                                                                                             
 700.0  X        X        X                 X        X                                                                                                                                             
 650.0  X        X        X                 X        X                                                                                                                                             
 600.0  X        X        X                 X        X                                                                                                                                             
 550.0  X        X        X                 X        X                                                                                                                                             
 500.0  X        X        X                 X        X                                                                                                                                             
 450.0  X        X        X                 X        X                                                                                                                                             
 400.0  X        X        X                 X        X                                                                                                                                             
 350.0  X        X        X                 X        X                                                                                                                                             
 300.0  X        X        X                 X        X                                                                                                                                             
 275.0  X        X        X                 X        X                                                                                                                                             
 250.0  X        X        X                 X        X                                                                                                                                             
 225.0  X        X        X                 X        X                                                                                                                                             
 200.0  X        X        X                 X        X                                                                                                                                             
 175.0  X        X        X                 X        X                                                                                                                                             
 150.0  X        X        X                 X        X                                                                                                                                             
 100.0  X        X        X                 X        X                                                                                                                                             
  50.0  X        X        X                 X        X                                                                                                                                             
-------------------------------------------------------------------------------

###############################################################################

Inventory for date = 2000-01-24 18:00:00

PRES   TT       UU       VV       RH       SPECHUMD HGT      PSFC     PMSL     SNOW     ST000010 ST010040 ST040100 ST100200 SM000010 SM010040 SM040100 SM100200 SOILHGT  SKINTEMP SEAICE   LANDSEA 
-------------------------------------------------------------------------------
2013.0  O        O        O        O        O        O        O        X        O        O        O        O        O        O        O        O        O        O        O        O        O      
2001.1  O        O        O        O        O        O        O        O        X        O        O        O        O        O        O        O        O        O        O        O        O      
2001.0  O        O        X        O        O        O        O        O        O        O        O        O        O        O        O        O        O        O        O        O        O      
2001.0  O        X        O        O        O        O        O        O        O        O        O        O        O        O        O        O        O        O        O        O        O      
2001.0  O        O        O        O        X        O        O        O        O        O        O        O        O        O        O        O        O        O        O        O        O      
2001.0  O        O        O        O        O        O        O        O        X        O        O        O        O        O        O        O        O        O        O        O        O      
2001.0  X        O        O        O        O        O        X        O        O        X        X        X        X        X        X        X        X        X        X        O        X      
1000.0                                               X                                                                                                                                             
 850.0  X        X        X                 X        X                                                                                                                                             
 500.0                                               X                                                                                                                                             
 250.0           X        X                          X                                                                                                                                             
-------------------------------------------------------------------------------

###############################################################################

Inventory for date = 2000-01-25 00:00:00

PRES   TT       UU       VV       RH       SPECHUMD HGT      PSFC     PMSL     SNOW     ST000010 ST010040 ST040100 ST100200 SM000010 SM010040 SM040100 SM100200 SOILHGT  SKINTEMP SEAICE   LANDSEA 
-------------------------------------------------------------------------------
2013.0  O        O        O        O        O        O        O        X        O        O        O        O        O        O        O        O        O        O        O        O        O      
2001.1  O        O        O        O        O        O        O        O        X        O        O        O        O        O        O        O        O        O        O        O        O      
2001.0  O        O        O        O        O        O        O        O        X        O        O        O        O        O        O        O        O        O        O        O        O      
2001.0  O        O        O        O        O        O        X        O        O        X        X        X        X        X        X        X        X        X        X        O        O      
1000.0  X        X        X                 X        X                                                                                                                                             
 975.0  X        X        X                 X        X                                                                                                                                             
 950.0  X        X        X                 X        X                                                                                                                                             
 925.0  X        X        X                 X        X                                                                                                                                             
 900.0  X        X        X                 X        X                                                                                                                                             
 875.0  X        X        X                 X        X                                                                                                                                             
 850.0  X        X        X                 X        X                                                                                                                                             
 800.0  X        X        X                 X        X                                                                                                                                             
 750.0  X        X        X                 X        X                                                                                                                                             
 700.0  X        X        X                 X        X                                                                                                                                             
 650.0  X        X        X                 X        X                                                                                                                                             
 600.0  X        X        X                 X        X                                                                                                                                             
 550.0  X        X        X                 X        X                                                                                                                                             
 500.0  X        X        X                 X        X                                                                                                                                             
 450.0  X        X        X                 X        X                                                                                                                                             
 400.0  X        X        X                 X        X                                                                                                                                             
 350.0  X        X        X                 X        X                                                                                                                                             
 300.0  X        X        X                 X        X                                                                                                                                             
 275.0  X        X        X                 X        X                                                                                                                                             
 250.0  X        X        X                 X        X                                                                                                                                             
 225.0  X        X        X                 X        X                                                                                                                                             
 200.0  X        X        X                 X        X                                                                                                                                             
 175.0  X        X        X                 X        X                                                                                                                                             
 150.0  X        X        X                 X        X                                                                                                                                             
 100.0  X        X        X                 X        X                                                                                                                                             
  50.0  X        X        X                 X        X                                                                                                                                             
-------------------------------------------------------------------------------

###############################################################################

Inventory for date = 2000-01-25 00:00:00

PRES   TT       UU       VV       RH       SPECHUMD HGT      PSFC     PMSL     SNOW     ST000010 ST010040 ST040100 ST100200 SM000010 SM010040 SM040100 SM100200 SOILHGT  SKINTEMP SEAICE   LANDSEA 
-------------------------------------------------------------------------------
2013.0  O        O        O        O        O        O        O        X        O        O        O        O        O        O        O        O        O        O        O        O        O      
2001.1  O        O        O        O        O        O        O        O        X        O        O        O        O        O        O        O        O        O        O        O        O      
2001.0  O        O        X        O        O        O        O        O        O        O        O        O        O        O        O        O        O        O        O        O        O      
2001.0  O        X        O        O        O        O        O        O        O        O        O        O        O        O        O        O        O        O        O        O        O      
2001.0  O        O        O        O        X        O        O        O        O        O        O        O        O        O        O        O        O        O        O        O        O      
2001.0  O        O        O        O        O        O        O        O        X        O        O        O        O        O        O        O        O        O        O        O        O      
2001.0  X        O        O        O        O        O        X        O        O        X        X        X        X        X        X        X        X        X        X        X        X      
1000.0                                               X                                                                                                                                             
 850.0  X        X        X                 X        X                                                                                                                                             
 500.0                                               X                                                                                                                                             
 250.0           X        X                          X                                                                                                                                             
-------------------------------------------------------------------------------

###############################################################################

Inventory for date = 2000-01-25 06:00:00

PRES   TT       UU       VV       RH       SPECHUMD HGT      PSFC     PMSL     SNOW     ST000010 ST010040 ST040100 ST100200 SM000010 SM010040 SM040100 SM100200 SOILHGT  SKINTEMP SEAICE   LANDSEA 
-------------------------------------------------------------------------------
2013.0  O        O        O        O        O        O        O        X        O        O        O        O        O        O        O        O        O        O        O        O        O      
2001.1  O        O        O        O        O        O        O        O        X        O        O        O        O        O        O        O        O        O        O        O        O      
2001.0  O        O        O        O        O        O        O        O        X        O        O        O        O        O        O        O        O        O        O        O        O      
2001.0  O        O        O        O        O        O        X        O        O        X        X        X        X        X        X        X        X        X        X        O        O      
1000.0  X        X        X                 X        X                                                                                                                                             
 975.0  X        X        X                 X        X                                                                                                                                             
 950.0  X        X        X                 X        X                                                                                                                                             
 925.0  X        X        X                 X        X                                                                                                                                             
 900.0  X        X        X                 X        X                                                                                                                                             
 875.0  X        X        X                 X        X                                                                                                                                             
 850.0  X        X        X                 X        X                                                                                                                                             
 800.0  X        X        X                 X        X                                                                                                                                             
 750.0  X        X        X                 X        X                                                                                                                                             
 700.0  X        X        X                 X        X                                                                                                                                             
 650.0  X        X        X                 X        X                                                                                                                                             
 600.0  X        X        X                 X        X                                                                                                                                             
 550.0  X        X        X                 X        X                                                                                                                                             
 500.0  X        X        X                 X        X                                                                                                                                             
 450.0  X        X        X                 X        X                                                                                                                                             
 400.0  X        X        X                 X        X                                                                                                                                             
 350.0  X        X        X                 X        X                                                                                                                                             
 300.0  X        X        X                 X        X                                                                                                                                             
 275.0  X        X        X                 X        X                                                                                                                                             
 250.0  X        X        X                 X        X                                                                                                                                             
 225.0  X        X        X                 X        X                                                                                                                                             
 200.0  X        X        X                 X        X                                                                                                                                             
 175.0  X        X        X                 X        X                                                                                                                                             
 150.0  X        X        X                 X        X                                                                                                                                             
 100.0  X        X        X                 X        X                                                                                                                                             
  50.0  X        X        X                 X        X                                                                                                                                             
-------------------------------------------------------------------------------

###############################################################################

Inventory for date = 2000-01-25 06:00:00

PRES   TT       UU       VV       RH       SPECHUMD HGT      PSFC     PMSL     SNOW     ST000010 ST010040 ST040100 ST100200 SM000010 SM010040 SM040100 SM100200 SOILHGT  SKINTEMP SEAICE   LANDSEA 
-------------------------------------------------------------------------------
2013.0  O        O        O        O        O        O        O        X        O        O        O        O        O        O        O        O        O        O        O        O        O      
2001.1  O        O        O        O        O        O        O        O        X        O        O        O        O        O        O        O        O        O        O        O        O      
2001.0  O        O        X        O        O        O        O        O        O        O        O        O        O        O        O        O        O        O        O        O        O      
2001.0  O        X        O        O        O        O        O        O        O        O        O        O        O        O        O        O        O        O        O        O        O      
2001.0  O        O        O        O        X        O        O        O        O        O        O        O        O        O        O        O        O        O        O        O        O      
2001.0  O        O        O        O        O        O        O        O        X        O        O        O        O        O        O        O        O        O        O        O        O      
2001.0  X        O        O        O        O        O        X        O        O        X        X        X        X        X        X        X        X        X        X        O        X      
1000.0                                               X                                                                                                                                             
 850.0  X        X        X                 X        X                                                                                                                                             
 500.0                                               X                                                                                                                                             
 250.0           X        X                          X                                                                                                                                             
-------------------------------------------------------------------------------

###############################################################################

Inventory for date = 2000-01-25 12:00:00

PRES   TT       UU       VV       RH       SPECHUMD HGT      PSFC     PMSL     SNOW     ST000010 ST010040 ST040100 ST100200 SM000010 SM010040 SM040100 SM100200 SOILHGT  SKINTEMP SEAICE   LANDSEA 
-------------------------------------------------------------------------------
2013.0  O        O        O        O        O        O        O        X        O        O        O        O        O        O        O        O        O        O        O        O        O      
2001.1  O        O        O        O        O        O        O        O        X        O        O        O        O        O        O        O        O        O        O        O        O      
2001.0  O        O        O        O        O        O        O        O        X        O        O        O        O        O        O        O        O        O        O        O        O      
2001.0  O        O        O        O        O        O        X        O        O        X        X        X        X        X        X        X        X        X        X        O        O      
1000.0  X        X        X                 X        X                                                                                                                                             
 975.0  X        X        X                 X        X                                                                                                                                             
 950.0  X        X        X                 X        X                                                                                                                                             
 925.0  X        X        X                 X        X                                                                                                                                             
 900.0  X        X        X                 X        X                                                                                                                                             
 875.0  X        X        X                 X        X                                                                                                                                             
 850.0  X        X        X                 X        X                                                                                                                                             
 800.0  X        X        X                 X        X                                                                                                                                             
 750.0  X        X        X                 X        X                                                                                                                                             
 700.0  X        X        X                 X        X                                                                                                                                             
 650.0  X        X        X                 X        X                                                                                                                                             
 600.0  X        X        X                 X        X                                                                                                                                             
 550.0  X        X        X                 X        X                                                                                                                                             
 500.0  X        X        X                 X        X                                                                                                                                             
 450.0  X        X        X                 X        X                                                                                                                                             
 400.0  X        X        X                 X        X                                                                                                                                             
 350.0  X        X        X                 X        X                                                                                                                                             
 300.0  X        X        X                 X        X                                                                                                                                             
 275.0  X        X        X                 X        X                                                                                                                                             
 250.0  X        X        X                 X        X                                                                                                                                             
 225.0  X        X        X                 X        X                                                                                                                                             
 200.0  X        X        X                 X        X                                                                                                                                             
 175.0  X        X        X                 X        X                                                                                                                                             
 150.0  X        X        X                 X        X                                                                                                                                             
 100.0  X        X        X                 X        X                                                                                                                                             
  50.0  X        X        X                 X        X                                                                                                                                             
-------------------------------------------------------------------------------

###############################################################################

Inventory for date = 2000-01-25 12:00:00

PRES   TT       UU       VV       RH       SPECHUMD HGT      PSFC     PMSL     SNOW     ST000010 ST010040 ST040100 ST100200 SM000010 SM010040 SM040100 SM100200 SOILHGT  SKINTEMP SEAICE   LANDSEA 
-------------------------------------------------------------------------------
2013.0  O        O        O        O        O        O        O        X        O        O        O        O        O        O        O        O        O        O        O        O        O      
2001.1  O        O        O        O        O        O        O        O        X        O        O        O        O        O        O        O        O        O        O        O        O      
2001.0  O        O        X        O        O        O        O        O        O        O        O        O        O        O        O        O        O        O        O        O        O      
2001.0  O        X        O        O        O        O        O        O        O        O        O        O        O        O        O        O        O        O        O        O        O      
2001.0  O        O        O        O        X        O        O        O        O        O        O        O        O        O        O        O        O        O        O        O        O      
2001.0  O        O        O        O        O        O        O        O        X        O        O        O        O        O        O        O        O        O        O        O        O      
2001.0  X        O        O        O        O        O        X        O        O        X        X        X        X        X        X        X        X        X        X        X        X      
1000.0                                               X                                                                                                                                             
 850.0  X        X        X                 X        X                                                                                                                                             
 500.0                                               X                                                                                                                                             
 250.0           X        X                          X                                                                                                                                             
-------------------------------------------------------------------------------
 Name of source model =>NCEP NMM                GRID 212

###############################################################################

Inventory for date = 2000-01-24 12:00:00

PRES   TT       UU       VV       RH       SPECHUMD HGT      PSFC     PMSL     SNOW     ST000010 ST010040 ST040100 ST100200 SM000010 SM010040 SM040100 SM100200 SOILHGT  SKINTEMP SEAICE   LANDSEA 
-------------------------------------------------------------------------------
2013.0  O        O        O        O        O        O        O        X        O        O        O        O        O        O        O        O        O        O        O        O        O      
2001.0  X        X        X        X        X        O        X        O        X        X        X        X        X        X        X        X        X        X        X        X        X      
1000.0  X        X        X        X        X        X                                                                                                                                             
 975.0  X        X        X        X        X        X                                                                                                                                             
 950.0  X        X        X        X        X        X                                                                                                                                             
 925.0  X        X        X        X        X        X                                                                                                                                             
 900.0  X        X        X        X        X        X                                                                                                                                             
 875.0  X        X        X        X        X        X                                                                                                                                             
 850.0  X        X        X        X        X        X                                                                                                                                             
 800.0  X        X        X        X        X        X                                                                                                                                             
 750.0  X        X        X        X        X        X                                                                                                                                             
 700.0  X        X        X        X        X        X                                                                                                                                             
 650.0  X        X        X        X        X        X                                                                                                                                             
 600.0  X        X        X        X        X        X                                                                                                                                             
 550.0  X        X        X        X        X        X                                                                                                                                             
 500.0  X        X        X        X        X        X                                                                                                                                             
 450.0  X        X        X        X        X        X                                                                                                                                             
 400.0  X        X        X        X        X        X                                                                                                                                             
 350.0  X        X        X        X        X        X                                                                                                                                             
 300.0  X        X        X        X        X        X                                                                                                                                             
 275.0  X        X        X        X        X        X                                                                                                                                             
 250.0  X        X        X        X        X        X                                                                                                                                             
 225.0  X        X        X        X        X        X                                                                                                                                             
 200.0  X        X        X        X        X        X                                                                                                                                             
 175.0  X        X        X        X        X        X                                                                                                                                             
 150.0  X        X        X        X        X        X                                                                                                                                             
 100.0  X        X        X        X        X        X                                                                                                                                             
  50.0  X        X        X        X        X        X                                                                                                                                             
-------------------------------------------------------------------------------
 Name of source model =>NCEP NMM                GRID 212

###############################################################################

Inventory for date = 2000-01-24 18:00:00

PRES   TT       UU       VV       RH       SPECHUMD HGT      PSFC     PMSL     SNOW     ST000010 ST010040 ST040100 ST100200 SM000010 SM010040 SM040100 SM100200 SOILHGT  SKINTEMP SEAICE   LANDSEA 
-------------------------------------------------------------------------------
2013.0  O        O        O        O        O        O        O        X        O        O        O        O        O        O        O        O        O        O        O        O        O      
2001.0  X        X        X        X        X        O        X        O        X        X        X        X        X        X        X        X        X        X        X        O        X      
1000.0  X        X        X        X        X        X                                                                                                                                             
 975.0  X        X        X        X        X        X                                                                                                                                             
 950.0  X        X        X        X        X        X                                                                                                                                             
 925.0  X        X        X        X        X        X                                                                                                                                             
 900.0  X        X        X        X        X        X                                                                                                                                             
 875.0  X        X        X        X        X        X                                                                                                                                             
 850.0  X        X        X        X        X        X                                                                                                                                             
 800.0  X        X        X        X        X        X                                                                                                                                             
 750.0  X        X        X        X        X        X                                                                                                                                             
 700.0  X        X        X        X        X        X                                                                                                                                             
 650.0  X        X        X        X        X        X                                                                                                                                             
 600.0  X        X        X        X        X        X                                                                                                                                             
 550.0  X        X        X        X        X        X                                                                                                                                             
 500.0  X        X        X        X        X        X                                                                                                                                             
 450.0  X        X        X        X        X        X                                                                                                                                             
 400.0  X        X        X        X        X        X                                                                                                                                             
 350.0  X        X        X        X        X        X                                                                                                                                             
 300.0  X        X        X        X        X        X                                                                                                                                             
 275.0  X        X        X        X        X        X                                                                                                                                             
 250.0  X        X        X        X        X        X                                                                                                                                             
 225.0  X        X        X        X        X        X                                                                                                                                             
 200.0  X        X        X        X        X        X                                                                                                                                             
 175.0  X        X        X        X        X        X                                                                                                                                             
 150.0  X        X        X        X        X        X                                                                                                                                             
 100.0  X        X        X        X        X        X                                                                                                                                             
  50.0  X        X        X        X        X        X                                                                                                                                             
-------------------------------------------------------------------------------
 Name of source model =>NCEP NMM                GRID 212

###############################################################################

Inventory for date = 2000-01-25 00:00:00

PRES   TT       UU       VV       RH       SPECHUMD HGT      PSFC     PMSL     SNOW     ST000010 ST010040 ST040100 ST100200 SM000010 SM010040 SM040100 SM100200 SOILHGT  SKINTEMP SEAICE   LANDSEA 
-------------------------------------------------------------------------------
2013.0  O        O        O        O        O        O        O        X        O        O        O        O        O        O        O        O        O        O        O        O        O      
2001.0  X        X        X        X        X        O        X        O        X        X        X        X        X        X        X        X        X        X        X        X        X      
1000.0  X        X        X        X        X        X                                                                                                                                             
 975.0  X        X        X        X        X        X                                                                                                                                             
 950.0  X        X        X        X        X        X                                                                                                                                             
 925.0  X        X        X        X        X        X                                                                                                                                             
 900.0  X        X        X        X        X        X                                                                                                                                             
 875.0  X        X        X        X        X        X                                                                                                                                             
 850.0  X        X        X        X        X        X                                                                                                                                             
 800.0  X        X        X        X        X        X                                                                                                                                             
 750.0  X        X        X        X        X        X                                                                                                                                             
 700.0  X        X        X        X        X        X                                                                                                                                             
 650.0  X        X        X        X        X        X                                                                                                                                             
 600.0  X        X        X        X        X        X                                                                                                                                             
 550.0  X        X        X        X        X        X                                                                                                                                             
 500.0  X        X        X        X        X        X                                                                                                                                             
 450.0  X        X        X        X        X        X                                                                                                                                             
 400.0  X        X        X        X        X        X                                                                                                                                             
 350.0  X        X        X        X        X        X                                                                                                                                             
 300.0  X        X        X        X        X        X                                                                                                                                             
 275.0  X        X        X        X        X        X                                                                                                                                             
 250.0  X        X        X        X        X        X                                                                                                                                             
 225.0  X        X        X        X        X        X                                                                                                                                             
 200.0  X        X        X        X        X        X                                                                                                                                             
 175.0  X        X        X        X        X        X                                                                                                                                             
 150.0  X        X        X        X        X        X                                                                                                                                             
 100.0  X        X        X        X        X        X                                                                                                                                             
  50.0  X        X        X        X        X        X                                                                                                                                             
-------------------------------------------------------------------------------
 Name of source model =>NCEP NMM                GRID 212

###############################################################################

Inventory for date = 2000-01-25 06:00:00

PRES   TT       UU       VV       RH       SPECHUMD HGT      PSFC     PMSL     SNOW     ST000010 ST010040 ST040100 ST100200 SM000010 SM010040 SM040100 SM100200 SOILHGT  SKINTEMP SEAICE   LANDSEA 
-------------------------------------------------------------------------------
2013.0  O        O        O        O        O        O        O        X        O        O        O        O        O        O        O        O        O        O        O        O        O      
2001.0  X        X        X        X        X        O        X        O        X        X        X        X        X        X        X        X        X        X        X        O        X      
1000.0  X        X        X        X        X        X                                                                                                                                             
 975.0  X        X        X        X        X        X                                                                                                                                             
 950.0  X        X        X        X        X        X                                                                                                                                             
 925.0  X        X        X        X        X        X                                                                                                                                             
 900.0  X        X        X        X        X        X                                                                                                                                             
 875.0  X        X        X        X        X        X                                                                                                                                             
 850.0  X        X        X        X        X        X                                                                                                                                             
 800.0  X        X        X        X        X        X                                                                                                                                             
 750.0  X        X        X        X        X        X                                                                                                                                             
 700.0  X        X        X        X        X        X                                                                                                                                             
 650.0  X        X        X        X        X        X                                                                                                                                             
 600.0  X        X        X        X        X        X                                                                                                                                             
 550.0  X        X        X        X        X        X                                                                                                                                             
 500.0  X        X        X        X        X        X                                                                                                                                             
 450.0  X        X        X        X        X        X                                                                                                                                             
 400.0  X        X        X        X        X        X                                                                                                                                             
 350.0  X        X        X        X        X        X                                                                                                                                             
 300.0  X        X        X        X        X        X                                                                                                                                             
 275.0  X        X        X        X        X        X                                                                                                                                             
 250.0  X        X        X        X        X        X                                                                                                                                             
 225.0  X        X        X        X        X        X                                                                                                                                             
 200.0  X        X        X        X        X        X                                                                                                                                             
 175.0  X        X        X        X        X        X                                                                                                                                             
 150.0  X        X        X        X        X        X                                                                                                                                             
 100.0  X        X        X        X        X        X                                                                                                                                             
  50.0  X        X        X        X        X        X                                                                                                                                             
-------------------------------------------------------------------------------
 Name of source model =>NCEP NMM                GRID 212

###############################################################################

Inventory for date = 2000-01-25 12:00:00

PRES   TT       UU       VV       RH       SPECHUMD HGT      PSFC     PMSL     SNOW     ST000010 ST010040 ST040100 ST100200 SM000010 SM010040 SM040100 SM100200 SOILHGT  SKINTEMP SEAICE   LANDSEA 
-------------------------------------------------------------------------------
2013.0  O        O        O        O        O        O        O        X        O        O        O        O        O        O        O        O        O        O        O        O        O      
2001.0  X        X        X        X        X        O        X        O        X        X        X        X        X        X        X        X        X        X        X        X        X      
1000.0  X        X        X        X        X        X                                                                                                                                             
 975.0  X        X        X        X        X        X                                                                                                                                             
 950.0  X        X        X        X        X        X                                                                                                                                             
 925.0  X        X        X        X        X        X                                                                                                                                             
 900.0  X        X        X        X        X        X                                                                                                                                             
 875.0  X        X        X        X        X        X                                                                                                                                             
 850.0  X        X        X        X        X        X                                                                                                                                             
 800.0  X        X        X        X        X        X                                                                                                                                             
 750.0  X        X        X        X        X        X                                                                                                                                             
 700.0  X        X        X        X        X        X                                                                                                                                             
 650.0  X        X        X        X        X        X                                                                                                                                             
 600.0  X        X        X        X        X        X                                                                                                                                             
 550.0  X        X        X        X        X        X                                                                                                                                             
 500.0  X        X        X        X        X        X                                                                                                                                             
 450.0  X        X        X        X        X        X                                                                                                                                             
 400.0  X        X        X        X        X        X                                                                                                                                             
 350.0  X        X        X        X        X        X                                                                                                                                             
 300.0  X        X        X        X        X        X                                                                                                                                             
 275.0  X        X        X        X        X        X                                                                                                                                             
 250.0  X        X        X        X        X        X                                                                                                                                             
 225.0  X        X        X        X        X        X                                                                                                                                             
 200.0  X        X        X        X        X        X                                                                                                                                             
 175.0  X        X        X        X        X        X                                                                                                                                             
 150.0  X        X        X        X        X        X                                                                                                                                             
 100.0  X        X        X        X        X        X                                                                                                                                             
  50.0  X        X        X        X        X        X                                                                                                                                             
-------------------------------------------------------------------------------
Subroutine DATINT: Interpolating 3-d files to fill in any missing data...
Looking for data at time 2000-01-24_12
Found file:      FILE:2000-01-24_12
Looking for data at time 2000-01-24_18
Found file:      FILE:2000-01-24_18
Looking for data at time 2000-01-25_00
Found file:      FILE:2000-01-25_00
Looking for data at time 2000-01-25_06
Found file:      FILE:2000-01-25_06
Looking for data at time 2000-01-25_12
Found file:      FILE:2000-01-25_12
End Subroutine DATINT.

**********
Deleting temporary files created by ungrib...
**********

Deleting file:  ./PFILE:2000-01-24_12
Deleting file:  ./PFILE:2000-01-24_18
Deleting file:  ./PFILE:2000-01-25_00
Deleting file:  ./PFILE:2000-01-25_06
Deleting file:  ./PFILE:2000-01-25_12

**********
Done deleting temporary files.
**********

!!!!!!!!!!!!!!!!!!!!!!!!!!!!!!!!!!!!!!!
!  Successful completion of ungrib.   !
!!!!!!!!!!!!!!!!!!!!!!!!!!!!!!!!!!!!!!!
